{"/home/travis/build/npmtest/node-npmtest-phonegap-plugin-barcodescanner/test.js":{"path":"/home/travis/build/npmtest/node-npmtest-phonegap-plugin-barcodescanner/test.js","s":{"1":2,"2":2,"3":2,"4":2,"5":2,"6":2,"7":2,"8":1,"9":2,"10":2,"11":1,"12":1,"13":1,"14":1,"15":2,"16":2,"17":2,"18":2,"19":1,"20":1,"21":2,"22":2,"23":2,"24":1,"25":1,"26":1,"27":1,"28":1,"29":1,"30":1,"31":1,"32":1,"33":1,"34":1,"35":1,"36":1,"37":1,"38":1,"39":2,"40":2,"41":1,"42":2,"43":2,"44":1,"45":2,"46":2,"47":1,"48":2,"49":2,"50":1,"51":1,"52":1,"53":1,"54":1},"b":{"1":[2,1,1,1],"2":[1,1,1,1],"3":[1,1],"4":[1,1],"5":[1,1],"6":[1,1],"7":[1,1],"8":[1,1],"9":[1,1],"10":[1,1,1],"11":[1,1],"12":[1,1],"13":[1,1],"14":[1,1],"15":[1,1],"16":[1,1],"17":[1,1]},"f":{"1":2,"2":2,"3":2,"4":2,"5":2,"6":1,"7":1,"8":1,"9":2,"10":2,"11":2,"12":2,"13":1},"fnMap":{"1":{"name":"(anonymous_1)","line":12,"loc":{"start":{"line":12,"column":1},"end":{"line":12,"column":13}}},"2":{"name":"(anonymous_2)","line":19,"loc":{"start":{"line":19,"column":5},"end":{"line":19,"column":17}}},"3":{"name":"(anonymous_3)","line":23,"loc":{"start":{"line":23,"column":24},"end":{"line":23,"column":36}}},"4":{"name":"(anonymous_4)","line":61,"loc":{"start":{"line":61,"column":5},"end":{"line":61,"column":17}}},"5":{"name":"(anonymous_5)","line":82,"loc":{"start":{"line":82,"column":5},"end":{"line":82,"column":17}}},"6":{"name":"(anonymous_6)","line":91,"loc":{"start":{"line":91,"column":77},"end":{"line":94,"column":10}}},"7":{"name":"(anonymous_7)","line":112,"loc":{"start":{"line":112,"column":83},"end":{"line":115,"column":10}},"skip":true},"8":{"name":"(anonymous_8)","line":123,"loc":{"start":{"line":123,"column":77},"end":{"line":126,"column":10}},"skip":true},"9":{"name":"(anonymous_9)","line":139,"loc":{"start":{"line":139,"column":12},"end":{"line":139,"column":40}},"skip":true},"10":{"name":"(anonymous_10)","line":147,"loc":{"start":{"line":147,"column":77},"end":{"line":150,"column":10}},"skip":true},"11":{"name":"(anonymous_11)","line":158,"loc":{"start":{"line":158,"column":83},"end":{"line":161,"column":10}},"skip":true},"12":{"name":"(anonymous_12)","line":169,"loc":{"start":{"line":169,"column":79},"end":{"line":172,"column":10}},"skip":true},"13":{"name":"(anonymous_13)","line":180,"loc":{"start":{"line":180,"column":75},"end":{"line":183,"column":10}},"skip":true}},"statementMap":{"1":{"start":{"line":12,"column":0},"end":{"line":195,"column":5}},"2":{"start":{"line":14,"column":4},"end":{"line":14,"column":14}},"3":{"start":{"line":19,"column":4},"end":{"line":56,"column":9}},"4":{"start":{"line":21,"column":8},"end":{"line":21,"column":19}},"5":{"start":{"line":23,"column":8},"end":{"line":35,"column":13}},"6":{"start":{"line":24,"column":12},"end":{"line":34,"column":13}},"7":{"start":{"line":25,"column":16},"end":{"line":28,"column":30}},"8":{"start":{"line":30,"column":16},"end":{"line":33,"column":27}},"9":{"start":{"line":37,"column":8},"end":{"line":39,"column":21}},"10":{"start":{"line":40,"column":8},"end":{"line":53,"column":9}},"11":{"start":{"line":43,"column":12},"end":{"line":46,"column":14}},"12":{"start":{"line":47,"column":12},"end":{"line":47,"column":18}},"13":{"start":{"line":50,"column":12},"end":{"line":51,"column":46}},"14":{"start":{"line":52,"column":12},"end":{"line":52,"column":18}},"15":{"start":{"line":55,"column":8},"end":{"line":55,"column":35}},"16":{"start":{"line":61,"column":4},"end":{"line":63,"column":9}},"17":{"start":{"line":62,"column":8},"end":{"line":62,"column":15}},"18":{"start":{"line":64,"column":4},"end":{"line":77,"column":5}},"19":{"start":{"line":70,"column":8},"end":{"line":70,"column":14}},"20":{"start":{"line":76,"column":8},"end":{"line":76,"column":14}},"21":{"start":{"line":82,"column":4},"end":{"line":84,"column":9}},"22":{"start":{"line":83,"column":8},"end":{"line":83,"column":15}},"23":{"start":{"line":85,"column":4},"end":{"line":194,"column":5}},"24":{"start":{"line":91,"column":8},"end":{"line":99,"column":10}},"25":{"start":{"line":98,"column":12},"end":{"line":98,"column":35}},"26":{"start":{"line":102,"column":8},"end":{"line":104,"column":63}},"27":{"start":{"line":105,"column":8},"end":{"line":105,"column":14}},"28":{"start":{"line":112,"column":8},"end":{"line":121,"column":10},"skip":true},"29":{"start":{"line":119,"column":12},"end":{"line":119,"column":55},"skip":true},"30":{"start":{"line":120,"column":12},"end":{"line":120,"column":48},"skip":true},"31":{"start":{"line":123,"column":8},"end":{"line":136,"column":10},"skip":true},"32":{"start":{"line":130,"column":12},"end":{"line":130,"column":76},"skip":true},"33":{"start":{"line":131,"column":12},"end":{"line":131,"column":73},"skip":true},"34":{"start":{"line":132,"column":12},"end":{"line":132,"column":74},"skip":true},"35":{"start":{"line":133,"column":12},"end":{"line":133,"column":79},"skip":true},"36":{"start":{"line":134,"column":12},"end":{"line":134,"column":25},"skip":true},"37":{"start":{"line":135,"column":12},"end":{"line":135,"column":45},"skip":true},"38":{"start":{"line":138,"column":8},"end":{"line":145,"column":14},"skip":true},"39":{"start":{"line":143,"column":16},"end":{"line":143,"column":29},"skip":true},"40":{"start":{"line":144,"column":16},"end":{"line":144,"column":55},"skip":true},"41":{"start":{"line":147,"column":8},"end":{"line":156,"column":10},"skip":true},"42":{"start":{"line":154,"column":12},"end":{"line":154,"column":25},"skip":true},"43":{"start":{"line":155,"column":12},"end":{"line":155,"column":45},"skip":true},"44":{"start":{"line":158,"column":8},"end":{"line":167,"column":10},"skip":true},"45":{"start":{"line":165,"column":12},"end":{"line":165,"column":25},"skip":true},"46":{"start":{"line":166,"column":12},"end":{"line":166,"column":48},"skip":true},"47":{"start":{"line":169,"column":8},"end":{"line":178,"column":10},"skip":true},"48":{"start":{"line":176,"column":12},"end":{"line":176,"column":25},"skip":true},"49":{"start":{"line":177,"column":12},"end":{"line":177,"column":46},"skip":true},"50":{"start":{"line":180,"column":8},"end":{"line":189,"column":10},"skip":true},"51":{"start":{"line":187,"column":12},"end":{"line":187,"column":94},"skip":true},"52":{"start":{"line":188,"column":12},"end":{"line":188,"column":48},"skip":true},"53":{"start":{"line":192,"column":8},"end":{"line":192,"column":35},"skip":true},"54":{"start":{"line":193,"column":8},"end":{"line":193,"column":14},"skip":true}},"branchMap":{"1":{"line":25,"type":"binary-expr","locations":[{"start":{"line":25,"column":23},"end":{"line":25,"column":62}},{"start":{"line":26,"column":20},"end":{"line":26,"column":70}},{"start":{"line":27,"column":20},"end":{"line":27,"column":71}},{"start":{"line":28,"column":20},"end":{"line":28,"column":29}}]},"2":{"line":30,"type":"binary-expr","locations":[{"start":{"line":30,"column":23},"end":{"line":30,"column":37}},{"start":{"line":31,"column":20},"end":{"line":31,"column":61}},{"start":{"line":32,"column":20},"end":{"line":32,"column":70}},{"start":{"line":33,"column":20},"end":{"line":33,"column":26}}]},"3":{"line":37,"type":"cond-expr","locations":[{"start":{"line":38,"column":14},"end":{"line":38,"column":20}},{"start":{"line":39,"column":14},"end":{"line":39,"column":20}}]},"4":{"line":40,"type":"switch","locations":[{"start":{"line":42,"column":8},"end":{"line":47,"column":18}},{"start":{"line":49,"column":8},"end":{"line":52,"column":18}}]},"5":{"line":44,"type":"binary-expr","locations":[{"start":{"line":44,"column":16},"end":{"line":44,"column":44}},{"start":{"line":44,"column":48},"end":{"line":44,"column":66}}]},"6":{"line":50,"type":"binary-expr","locations":[{"start":{"line":50,"column":21},"end":{"line":50,"column":49}},{"start":{"line":50,"column":53},"end":{"line":50,"column":72}}]},"7":{"line":64,"type":"switch","locations":[{"start":{"line":69,"column":4},"end":{"line":70,"column":14}},{"start":{"line":75,"column":4},"end":{"line":76,"column":14}}]},"8":{"line":85,"type":"switch","locations":[{"start":{"line":90,"column":4},"end":{"line":105,"column":14}},{"start":{"line":111,"column":4},"end":{"line":193,"column":14},"skip":true}]},"9":{"line":91,"type":"binary-expr","locations":[{"start":{"line":91,"column":42},"end":{"line":91,"column":73}},{"start":{"line":91,"column":77},"end":{"line":99,"column":9}}]},"10":{"line":102,"type":"binary-expr","locations":[{"start":{"line":102,"column":18},"end":{"line":102,"column":32}},{"start":{"line":103,"column":12},"end":{"line":103,"column":53}},{"start":{"line":104,"column":12},"end":{"line":104,"column":61}}]},"11":{"line":112,"type":"binary-expr","locations":[{"start":{"line":112,"column":45},"end":{"line":112,"column":79},"skip":true},{"start":{"line":112,"column":83},"end":{"line":121,"column":9},"skip":true}]},"12":{"line":123,"type":"binary-expr","locations":[{"start":{"line":123,"column":42},"end":{"line":123,"column":73},"skip":true},{"start":{"line":123,"column":77},"end":{"line":136,"column":9},"skip":true}]},"13":{"line":138,"type":"binary-expr","locations":[{"start":{"line":138,"column":48},"end":{"line":138,"column":85},"skip":true},{"start":{"line":139,"column":12},"end":{"line":145,"column":13},"skip":true}]},"14":{"line":147,"type":"binary-expr","locations":[{"start":{"line":147,"column":42},"end":{"line":147,"column":73},"skip":true},{"start":{"line":147,"column":77},"end":{"line":156,"column":9},"skip":true}]},"15":{"line":158,"type":"binary-expr","locations":[{"start":{"line":158,"column":45},"end":{"line":158,"column":79},"skip":true},{"start":{"line":158,"column":83},"end":{"line":167,"column":9},"skip":true}]},"16":{"line":169,"type":"binary-expr","locations":[{"start":{"line":169,"column":43},"end":{"line":169,"column":75},"skip":true},{"start":{"line":169,"column":79},"end":{"line":178,"column":9},"skip":true}]},"17":{"line":180,"type":"binary-expr","locations":[{"start":{"line":180,"column":41},"end":{"line":180,"column":71},"skip":true},{"start":{"line":180,"column":75},"end":{"line":189,"column":9},"skip":true}]}},"code":["/* istanbul instrument in package npmtest_phonegap_plugin_barcodescanner */","/*jslint","    bitwise: true,","    browser: true,","    maxerr: 8,","    maxlen: 96,","    node: true,","    nomen: true,","    regexp: true,","    stupid: true","*/","(function () {","    'use strict';","    var local;","","","","    // run shared js-env code - pre-init","    (function () {","        // init local","        local = {};","        // init modeJs","        local.modeJs = (function () {","            try {","                return typeof navigator.userAgent === 'string' &&","                    typeof document.querySelector('body') === 'object' &&","                    typeof XMLHttpRequest.prototype.open === 'function' &&","                    'browser';","            } catch (errorCaughtBrowser) {","                return module.exports &&","                    typeof process.versions.node === 'string' &&","                    typeof require('http').createServer === 'function' &&","                    'node';","            }","        }());","        // init global","        local.global = local.modeJs === 'browser'","            ? window","            : global;","        switch (local.modeJs) {","        // re-init local from window.local","        case 'browser':","            local = local.global.utility2.objectSetDefault(","                local.global.utility2_rollup || local.global.local,","                local.global.utility2","            );","            break;","        // re-init local from example.js","        case 'node':","            local = (local.global.utility2_rollup || require('utility2'))","                .requireExampleJsFromReadme();","            break;","        }","        // export local","        local.global.local = local;","    }());","","","","    // run shared js-env code - function","    (function () {","        return;","    }());","    switch (local.modeJs) {","","","","    // run browser js-env code - function","    case 'browser':","        break;","","","","    // run node js-env code - function","    case 'node':","        break;","    }","","","","    // run shared js-env code - post-init","    (function () {","        return;","    }());","    switch (local.modeJs) {","","","","    // run browser js-env code - post-init","    case 'browser':","        local.testCase_browser_nullCase = local.testCase_browser_nullCase || function (","            options,","            onError","        ) {","        /*","         * this function will test browsers's null-case handling-behavior-behavior","         */","            onError(null, options);","        };","","        // run tests","        local.nop(local.modeTest &&","            document.querySelector('#testRunButton1') &&","            document.querySelector('#testRunButton1').click());","        break;","","","","    // run node js-env code - post-init","    /* istanbul ignore next */","    case 'node':","        local.testCase_buildApidoc_default = local.testCase_buildApidoc_default || function (","            options,","            onError","        ) {","        /*","         * this function will test buildApidoc's default handling-behavior-behavior","         */","            options = { modulePathList: module.paths };","            local.buildApidoc(options, onError);","        };","","        local.testCase_buildApp_default = local.testCase_buildApp_default || function (","            options,","            onError","        ) {","        /*","         * this function will test buildApp's default handling-behavior-behavior","         */","            local.testCase_buildReadme_default(options, local.onErrorThrow);","            local.testCase_buildLib_default(options, local.onErrorThrow);","            local.testCase_buildTest_default(options, local.onErrorThrow);","            local.testCase_buildCustomOrg_default(options, local.onErrorThrow);","            options = [];","            local.buildApp(options, onError);","        };","","        local.testCase_buildCustomOrg_default = local.testCase_buildCustomOrg_default ||","            function (options, onError) {","            /*","             * this function will test buildCustomOrg's default handling-behavior","             */","                options = {};","                local.buildCustomOrg(options, onError);","            };","","        local.testCase_buildLib_default = local.testCase_buildLib_default || function (","            options,","            onError","        ) {","        /*","         * this function will test buildLib's default handling-behavior","         */","            options = {};","            local.buildLib(options, onError);","        };","","        local.testCase_buildReadme_default = local.testCase_buildReadme_default || function (","            options,","            onError","        ) {","        /*","         * this function will test buildReadme's default handling-behavior-behavior","         */","            options = {};","            local.buildReadme(options, onError);","        };","","        local.testCase_buildTest_default = local.testCase_buildTest_default || function (","            options,","            onError","        ) {","        /*","         * this function will test buildTest's default handling-behavior","         */","            options = {};","            local.buildTest(options, onError);","        };","","        local.testCase_webpage_default = local.testCase_webpage_default || function (","            options,","            onError","        ) {","        /*","         * this function will test webpage's default handling-behavior","         */","            options = { modeCoverageMerge: true, url: local.serverLocalHost + '?modeTest=1' };","            local.browserTest(options, onError);","        };","","        // run test-server","        local.testRunServer(local);","        break;","    }","}());",""],"l":{"12":2,"14":2,"19":2,"21":2,"23":2,"24":2,"25":2,"30":1,"37":2,"40":2,"43":1,"47":1,"50":1,"52":1,"55":2,"61":2,"62":2,"64":2,"70":1,"76":1,"82":2,"83":2,"85":2,"91":1,"98":1,"102":1,"105":1,"112":1,"119":1,"120":1,"123":1,"130":1,"131":1,"132":1,"133":1,"134":1,"135":1,"138":1,"143":2,"144":2,"147":1,"154":2,"155":2,"158":1,"165":2,"166":2,"169":1,"176":2,"177":2,"180":1,"187":1,"188":1,"192":1,"193":1}},"/home/travis/build/npmtest/node-npmtest-phonegap-plugin-barcodescanner/lib.npmtest_phonegap_plugin_barcodescanner.js":{"path":"/home/travis/build/npmtest/node-npmtest-phonegap-plugin-barcodescanner/lib.npmtest_phonegap_plugin_barcodescanner.js","s":{"1":2,"2":2,"3":2,"4":2,"5":2,"6":2,"7":2,"8":1,"9":2,"10":2,"11":2,"12":2,"13":1,"14":1,"15":1,"16":1},"b":{"1":[2,1,1,1],"2":[1,1,1,1],"3":[1,1],"4":[2,2],"5":[1,1]},"f":{"1":2,"2":2,"3":2},"fnMap":{"1":{"name":"(anonymous_1)","line":12,"loc":{"start":{"line":12,"column":1},"end":{"line":12,"column":13}}},"2":{"name":"(anonymous_2)","line":19,"loc":{"start":{"line":19,"column":5},"end":{"line":19,"column":17}}},"3":{"name":"(anonymous_3)","line":23,"loc":{"start":{"line":23,"column":24},"end":{"line":23,"column":36}}}},"statementMap":{"1":{"start":{"line":12,"column":0},"end":{"line":53,"column":5}},"2":{"start":{"line":14,"column":4},"end":{"line":14,"column":14}},"3":{"start":{"line":19,"column":4},"end":{"line":52,"column":9}},"4":{"start":{"line":21,"column":8},"end":{"line":21,"column":19}},"5":{"start":{"line":23,"column":8},"end":{"line":35,"column":13}},"6":{"start":{"line":24,"column":12},"end":{"line":34,"column":13}},"7":{"start":{"line":25,"column":16},"end":{"line":28,"column":30}},"8":{"start":{"line":30,"column":16},"end":{"line":33,"column":27}},"9":{"start":{"line":37,"column":8},"end":{"line":39,"column":21}},"10":{"start":{"line":41,"column":8},"end":{"line":41,"column":54}},"11":{"start":{"line":43,"column":8},"end":{"line":43,"column":75}},"12":{"start":{"line":45,"column":8},"end":{"line":51,"column":9}},"13":{"start":{"line":46,"column":12},"end":{"line":46,"column":81}},"14":{"start":{"line":48,"column":12},"end":{"line":48,"column":35}},"15":{"start":{"line":49,"column":12},"end":{"line":49,"column":49}},"16":{"start":{"line":50,"column":12},"end":{"line":50,"column":43}}},"branchMap":{"1":{"line":25,"type":"binary-expr","locations":[{"start":{"line":25,"column":23},"end":{"line":25,"column":62}},{"start":{"line":26,"column":20},"end":{"line":26,"column":70}},{"start":{"line":27,"column":20},"end":{"line":27,"column":71}},{"start":{"line":28,"column":20},"end":{"line":28,"column":29}}]},"2":{"line":30,"type":"binary-expr","locations":[{"start":{"line":30,"column":23},"end":{"line":30,"column":37}},{"start":{"line":31,"column":20},"end":{"line":31,"column":61}},{"start":{"line":32,"column":20},"end":{"line":32,"column":70}},{"start":{"line":33,"column":20},"end":{"line":33,"column":26}}]},"3":{"line":37,"type":"cond-expr","locations":[{"start":{"line":38,"column":14},"end":{"line":38,"column":20}},{"start":{"line":39,"column":14},"end":{"line":39,"column":20}}]},"4":{"line":41,"type":"binary-expr","locations":[{"start":{"line":41,"column":16},"end":{"line":41,"column":44}},{"start":{"line":41,"column":48},"end":{"line":41,"column":53}}]},"5":{"line":45,"type":"if","locations":[{"start":{"line":45,"column":8},"end":{"line":45,"column":8}},{"start":{"line":45,"column":8},"end":{"line":45,"column":8}}]}},"code":["/* istanbul instrument in package npmtest_phonegap_plugin_barcodescanner */","/*jslint","    bitwise: true,","    browser: true,","    maxerr: 8,","    maxlen: 96,","    node: true,","    nomen: true,","    regexp: true,","    stupid: true","*/","(function () {","    'use strict';","    var local;","","","","    // run shared js-env code - pre-init","    (function () {","        // init local","        local = {};","        // init modeJs","        local.modeJs = (function () {","            try {","                return typeof navigator.userAgent === 'string' &&","                    typeof document.querySelector('body') === 'object' &&","                    typeof XMLHttpRequest.prototype.open === 'function' &&","                    'browser';","            } catch (errorCaughtBrowser) {","                return module.exports &&","                    typeof process.versions.node === 'string' &&","                    typeof require('http').createServer === 'function' &&","                    'node';","            }","        }());","        // init global","        local.global = local.modeJs === 'browser'","            ? window","            : global;","        // init utility2_rollup","        local = local.global.utility2_rollup || local;","        // init lib","        local.local = local.npmtest_phonegap_plugin_barcodescanner = local;","        // init exports","        if (local.modeJs === 'browser') {","            local.global.utility2_npmtest_phonegap_plugin_barcodescanner = local;","        } else {","            module.exports = local;","            module.exports.__dirname = __dirname;","            module.exports.module = module;","        }","    }());","}());",""],"l":{"12":2,"14":2,"19":2,"21":2,"23":2,"24":2,"25":2,"30":1,"37":2,"41":2,"43":2,"45":2,"46":1,"48":1,"49":1,"50":1}},"/home/travis/build/npmtest/node-npmtest-phonegap-plugin-barcodescanner/example.js":{"path":"/home/travis/build/npmtest/node-npmtest-phonegap-plugin-barcodescanner/example.js","s":{"1":2,"2":2,"3":2,"4":2,"5":2,"6":2,"7":2,"8":1,"9":2,"10":2,"11":2,"12":2,"13":1,"14":2,"15":2,"16":2,"17":2,"18":2,"19":0,"20":2,"21":1,"22":1,"23":1,"24":1,"25":1,"26":0,"27":0,"28":1,"29":1,"30":2,"31":0,"32":0,"33":0,"34":1,"35":2,"36":2,"37":3,"38":3,"39":3,"40":3,"41":0,"42":3,"43":3,"44":3,"45":1,"46":3,"47":1,"48":1,"49":1,"50":1,"51":1,"52":1,"53":1,"54":1,"55":1,"56":1,"57":0,"58":1,"59":6,"60":6,"61":1,"62":2,"63":0,"64":2,"65":1,"66":1,"67":0,"68":0,"69":0,"70":0,"71":0,"72":0,"73":0,"74":0,"75":0,"76":0,"77":0,"78":0,"79":0,"80":0,"81":0,"82":0,"83":0},"b":{"1":[2,1,1,1],"2":[1,1,1,1],"3":[1,1],"4":[2,2],"5":[1,1],"6":[1,1],"7":[2,0],"8":[2,1,1,1,1,1],"9":[0,2,0],"10":[1,1],"11":[2,1,1],"12":[1,0],"13":[0,2],"14":[2,0,0,0,0,0,0],"15":[0,3],"16":[3,0],"17":[1,1],"18":[0,1],"19":[1,2,0,2],"20":[1,0],"21":[1,1],"22":[0,0],"23":[0,0],"24":[0,0],"25":[0,0],"26":[0,0],"27":[0,0],"28":[0,0]},"f":{"1":2,"2":2,"3":2,"4":2,"5":2,"6":2,"7":3,"8":3,"9":3,"10":1,"11":6,"12":0},"fnMap":{"1":{"name":"(anonymous_1)","line":26,"loc":{"start":{"line":26,"column":1},"end":{"line":26,"column":13}}},"2":{"name":"(anonymous_2)","line":33,"loc":{"start":{"line":33,"column":5},"end":{"line":33,"column":17}}},"3":{"name":"(anonymous_3)","line":37,"loc":{"start":{"line":37,"column":24},"end":{"line":37,"column":36}}},"4":{"name":"(anonymous_4)","line":69,"loc":{"start":{"line":69,"column":31},"end":{"line":69,"column":48}},"skip":true},"5":{"name":"(anonymous_5)","line":78,"loc":{"start":{"line":78,"column":26},"end":{"line":78,"column":45}},"skip":true},"6":{"name":"(anonymous_6)","line":123,"loc":{"start":{"line":123,"column":33},"end":{"line":123,"column":48}},"skip":true},"7":{"name":"(anonymous_7)","line":125,"loc":{"start":{"line":125,"column":27},"end":{"line":125,"column":39}},"skip":true},"8":{"name":"(anonymous_8)","line":133,"loc":{"start":{"line":133,"column":59},"end":{"line":133,"column":74}},"skip":true},"9":{"name":"(anonymous_9)","line":143,"loc":{"start":{"line":143,"column":45},"end":{"line":143,"column":62}},"skip":true},"10":{"name":"(anonymous_10)","line":144,"loc":{"start":{"line":144,"column":73},"end":{"line":144,"column":92}},"skip":true},"11":{"name":"(anonymous_11)","line":272,"loc":{"start":{"line":272,"column":51},"end":{"line":272,"column":77}},"skip":true},"12":{"name":"(anonymous_12)","line":315,"loc":{"start":{"line":315,"column":32},"end":{"line":315,"column":61}},"skip":true}},"statementMap":{"1":{"start":{"line":26,"column":0},"end":{"line":326,"column":5}},"2":{"start":{"line":28,"column":4},"end":{"line":28,"column":14}},"3":{"start":{"line":33,"column":4},"end":{"line":60,"column":9}},"4":{"start":{"line":35,"column":8},"end":{"line":35,"column":19}},"5":{"start":{"line":37,"column":8},"end":{"line":49,"column":13}},"6":{"start":{"line":38,"column":12},"end":{"line":48,"column":13}},"7":{"start":{"line":39,"column":16},"end":{"line":42,"column":30}},"8":{"start":{"line":44,"column":16},"end":{"line":47,"column":27}},"9":{"start":{"line":51,"column":8},"end":{"line":53,"column":21}},"10":{"start":{"line":55,"column":8},"end":{"line":57,"column":45}},"11":{"start":{"line":59,"column":8},"end":{"line":59,"column":35}},"12":{"start":{"line":61,"column":4},"end":{"line":325,"column":5}},"13":{"start":{"line":69,"column":8},"end":{"line":121,"column":10},"skip":true},"14":{"start":{"line":70,"column":12},"end":{"line":88,"column":13},"skip":true},"15":{"start":{"line":76,"column":16},"end":{"line":87,"column":19},"skip":true},"16":{"start":{"line":79,"column":20},"end":{"line":86,"column":21},"skip":true},"17":{"start":{"line":82,"column":24},"end":{"line":82,"column":43},"skip":true},"18":{"start":{"line":83,"column":24},"end":{"line":83,"column":30},"skip":true},"19":{"start":{"line":85,"column":24},"end":{"line":85,"column":49},"skip":true},"20":{"start":{"line":89,"column":12},"end":{"line":107,"column":13},"skip":true},"21":{"start":{"line":92,"column":16},"end":{"line":102,"column":17},"skip":true},"22":{"start":{"line":93,"column":20},"end":{"line":93,"column":86},"skip":true},"23":{"start":{"line":94,"column":20},"end":{"line":95,"column":45},"skip":true},"24":{"start":{"line":96,"column":20},"end":{"line":96,"column":42},"skip":true},"25":{"start":{"line":97,"column":20},"end":{"line":97,"column":48},"skip":true},"26":{"start":{"line":100,"column":20},"end":{"line":100,"column":85},"skip":true},"27":{"start":{"line":101,"column":20},"end":{"line":101,"column":96},"skip":true},"28":{"start":{"line":103,"column":16},"end":{"line":103,"column":22},"skip":true},"29":{"start":{"line":106,"column":16},"end":{"line":106,"column":22},"skip":true},"30":{"start":{"line":108,"column":12},"end":{"line":120,"column":13},"skip":true},"31":{"start":{"line":114,"column":16},"end":{"line":119,"column":17},"skip":true},"32":{"start":{"line":116,"column":20},"end":{"line":116,"column":78},"skip":true},"33":{"start":{"line":118,"column":20},"end":{"line":118,"column":47},"skip":true},"34":{"start":{"line":123,"column":8},"end":{"line":141,"column":11},"skip":true},"35":{"start":{"line":124,"column":12},"end":{"line":124,"column":54},"skip":true},"36":{"start":{"line":125,"column":12},"end":{"line":140,"column":14},"skip":true},"37":{"start":{"line":126,"column":16},"end":{"line":126,"column":28},"skip":true},"38":{"start":{"line":127,"column":16},"end":{"line":127,"column":69},"skip":true},"39":{"start":{"line":128,"column":16},"end":{"line":128,"column":75},"skip":true},"40":{"start":{"line":129,"column":16},"end":{"line":131,"column":17},"skip":true},"41":{"start":{"line":130,"column":20},"end":{"line":130,"column":27},"skip":true},"42":{"start":{"line":133,"column":16},"end":{"line":137,"column":36},"skip":true},"43":{"start":{"line":134,"column":20},"end":{"line":136,"column":55},"skip":true},"44":{"start":{"line":139,"column":16},"end":{"line":139,"column":57},"skip":true},"45":{"start":{"line":143,"column":8},"end":{"line":147,"column":11},"skip":true},"46":{"start":{"line":144,"column":12},"end":{"line":146,"column":15},"skip":true},"47":{"start":{"line":145,"column":16},"end":{"line":145,"column":70},"skip":true},"48":{"start":{"line":149,"column":8},"end":{"line":149,"column":31},"skip":true},"49":{"start":{"line":150,"column":8},"end":{"line":150,"column":14},"skip":true},"50":{"start":{"line":158,"column":8},"end":{"line":158,"column":31},"skip":true},"51":{"start":{"line":160,"column":8},"end":{"line":160,"column":33},"skip":true},"52":{"start":{"line":161,"column":8},"end":{"line":161,"column":37},"skip":true},"53":{"start":{"line":162,"column":8},"end":{"line":162,"column":35},"skip":true},"54":{"start":{"line":164,"column":8},"end":{"line":164,"column":50},"skip":true},"55":{"start":{"line":166,"column":8},"end":{"line":256,"column":2},"skip":true},"56":{"start":{"line":258,"column":8},"end":{"line":286,"column":9},"skip":true},"57":{"start":{"line":259,"column":12},"end":{"line":269,"column":14},"skip":true},"58":{"start":{"line":271,"column":12},"end":{"line":285,"column":19},"skip":true},"59":{"start":{"line":274,"column":20},"end":{"line":274,"column":35},"skip":true},"60":{"start":{"line":275,"column":20},"end":{"line":284,"column":21},"skip":true},"61":{"start":{"line":277,"column":24},"end":{"line":277,"column":64},"skip":true},"62":{"start":{"line":279,"column":24},"end":{"line":279,"column":40},"skip":true},"63":{"start":{"line":281,"column":24},"end":{"line":281,"column":40},"skip":true},"64":{"start":{"line":283,"column":24},"end":{"line":283,"column":39},"skip":true},"65":{"start":{"line":288,"column":8},"end":{"line":290,"column":9},"skip":true},"66":{"start":{"line":289,"column":12},"end":{"line":289,"column":18},"skip":true},"67":{"start":{"line":291,"column":8},"end":{"line":293,"column":54},"skip":true},"68":{"start":{"line":296,"column":8},"end":{"line":301,"column":37},"skip":true},"69":{"start":{"line":303,"column":8},"end":{"line":303,"column":82},"skip":true},"70":{"start":{"line":306,"column":8},"end":{"line":308,"column":9},"skip":true},"71":{"start":{"line":307,"column":12},"end":{"line":307,"column":82},"skip":true},"72":{"start":{"line":310,"column":8},"end":{"line":312,"column":9},"skip":true},"73":{"start":{"line":311,"column":12},"end":{"line":311,"column":18},"skip":true},"74":{"start":{"line":313,"column":8},"end":{"line":313,"column":54},"skip":true},"75":{"start":{"line":314,"column":8},"end":{"line":314,"column":69},"skip":true},"76":{"start":{"line":315,"column":8},"end":{"line":323,"column":36},"skip":true},"77":{"start":{"line":316,"column":12},"end":{"line":316,"column":61},"skip":true},"78":{"start":{"line":317,"column":12},"end":{"line":320,"column":13},"skip":true},"79":{"start":{"line":318,"column":16},"end":{"line":318,"column":75},"skip":true},"80":{"start":{"line":319,"column":16},"end":{"line":319,"column":23},"skip":true},"81":{"start":{"line":321,"column":12},"end":{"line":321,"column":38},"skip":true},"82":{"start":{"line":322,"column":12},"end":{"line":322,"column":27},"skip":true},"83":{"start":{"line":324,"column":8},"end":{"line":324,"column":14},"skip":true}},"branchMap":{"1":{"line":39,"type":"binary-expr","locations":[{"start":{"line":39,"column":23},"end":{"line":39,"column":62}},{"start":{"line":40,"column":20},"end":{"line":40,"column":70}},{"start":{"line":41,"column":20},"end":{"line":41,"column":71}},{"start":{"line":42,"column":20},"end":{"line":42,"column":29}}]},"2":{"line":44,"type":"binary-expr","locations":[{"start":{"line":44,"column":23},"end":{"line":44,"column":37}},{"start":{"line":45,"column":20},"end":{"line":45,"column":61}},{"start":{"line":46,"column":20},"end":{"line":46,"column":70}},{"start":{"line":47,"column":20},"end":{"line":47,"column":26}}]},"3":{"line":51,"type":"cond-expr","locations":[{"start":{"line":52,"column":14},"end":{"line":52,"column":20}},{"start":{"line":53,"column":14},"end":{"line":53,"column":20}}]},"4":{"line":55,"type":"binary-expr","locations":[{"start":{"line":55,"column":16},"end":{"line":55,"column":44}},{"start":{"line":55,"column":49},"end":{"line":57,"column":43}}]},"5":{"line":55,"type":"cond-expr","locations":[{"start":{"line":56,"column":14},"end":{"line":56,"column":74}},{"start":{"line":57,"column":14},"end":{"line":57,"column":43}}]},"6":{"line":61,"type":"switch","locations":[{"start":{"line":68,"column":4},"end":{"line":150,"column":14},"skip":true},{"start":{"line":156,"column":4},"end":{"line":324,"column":14},"skip":true}]},"7":{"line":70,"type":"if","locations":[{"start":{"line":70,"column":12},"end":{"line":70,"column":12},"skip":true},{"start":{"line":70,"column":12},"end":{"line":70,"column":12},"skip":true}]},"8":{"line":70,"type":"binary-expr","locations":[{"start":{"line":70,"column":16},"end":{"line":70,"column":22},"skip":true},{"start":{"line":70,"column":27},"end":{"line":70,"column":32},"skip":true},{"start":{"line":71,"column":20},"end":{"line":71,"column":39},"skip":true},{"start":{"line":72,"column":20},"end":{"line":72,"column":49},"skip":true},{"start":{"line":73,"column":20},"end":{"line":73,"column":58},"skip":true},{"start":{"line":74,"column":20},"end":{"line":74,"column":69},"skip":true}]},"9":{"line":79,"type":"switch","locations":[{"start":{"line":80,"column":20},"end":{"line":80,"column":33},"skip":true},{"start":{"line":81,"column":20},"end":{"line":83,"column":30},"skip":true},{"start":{"line":84,"column":20},"end":{"line":85,"column":49},"skip":true}]},"10":{"line":89,"type":"switch","locations":[{"start":{"line":90,"column":12},"end":{"line":103,"column":22},"skip":true},{"start":{"line":105,"column":12},"end":{"line":106,"column":22},"skip":true}]},"11":{"line":89,"type":"binary-expr","locations":[{"start":{"line":89,"column":20},"end":{"line":89,"column":25},"skip":true},{"start":{"line":89,"column":29},"end":{"line":89,"column":48},"skip":true},{"start":{"line":89,"column":52},"end":{"line":89,"column":74},"skip":true}]},"12":{"line":92,"type":"if","locations":[{"start":{"line":92,"column":16},"end":{"line":92,"column":16},"skip":true},{"start":{"line":92,"column":16},"end":{"line":92,"column":16},"skip":true}]},"13":{"line":108,"type":"if","locations":[{"start":{"line":108,"column":12},"end":{"line":108,"column":12},"skip":true},{"start":{"line":108,"column":12},"end":{"line":108,"column":12},"skip":true}]},"14":{"line":108,"type":"binary-expr","locations":[{"start":{"line":108,"column":16},"end":{"line":108,"column":61},"skip":true},{"start":{"line":108,"column":66},"end":{"line":108,"column":72},"skip":true},{"start":{"line":108,"column":77},"end":{"line":108,"column":82},"skip":true},{"start":{"line":109,"column":20},"end":{"line":109,"column":39},"skip":true},{"start":{"line":110,"column":20},"end":{"line":110,"column":49},"skip":true},{"start":{"line":111,"column":20},"end":{"line":111,"column":58},"skip":true},{"start":{"line":112,"column":20},"end":{"line":112,"column":68},"skip":true}]},"15":{"line":129,"type":"if","locations":[{"start":{"line":129,"column":16},"end":{"line":129,"column":16},"skip":true},{"start":{"line":129,"column":16},"end":{"line":129,"column":16},"skip":true}]},"16":{"line":134,"type":"cond-expr","locations":[{"start":{"line":135,"column":26},"end":{"line":135,"column":29},"skip":true},{"start":{"line":136,"column":26},"end":{"line":136,"column":54},"skip":true}]},"17":{"line":164,"type":"binary-expr","locations":[{"start":{"line":164,"column":27},"end":{"line":164,"column":43},"skip":true},{"start":{"line":164,"column":47},"end":{"line":164,"column":49},"skip":true}]},"18":{"line":258,"type":"if","locations":[{"start":{"line":258,"column":8},"end":{"line":258,"column":8},"skip":true},{"start":{"line":258,"column":8},"end":{"line":258,"column":8},"skip":true}]},"19":{"line":275,"type":"switch","locations":[{"start":{"line":276,"column":20},"end":{"line":277,"column":64},"skip":true},{"start":{"line":278,"column":20},"end":{"line":279,"column":40},"skip":true},{"start":{"line":280,"column":20},"end":{"line":281,"column":40},"skip":true},{"start":{"line":282,"column":20},"end":{"line":283,"column":39},"skip":true}]},"20":{"line":288,"type":"if","locations":[{"start":{"line":288,"column":8},"end":{"line":288,"column":8},"skip":true},{"start":{"line":288,"column":8},"end":{"line":288,"column":8},"skip":true}]},"21":{"line":288,"type":"binary-expr","locations":[{"start":{"line":288,"column":12},"end":{"line":288,"column":40},"skip":true},{"start":{"line":288,"column":44},"end":{"line":288,"column":67},"skip":true}]},"22":{"line":292,"type":"binary-expr","locations":[{"start":{"line":292,"column":12},"end":{"line":292,"column":50},"skip":true},{"start":{"line":293,"column":12},"end":{"line":293,"column":53},"skip":true}]},"23":{"line":297,"type":"binary-expr","locations":[{"start":{"line":297,"column":12},"end":{"line":297,"column":88},"skip":true},{"start":{"line":298,"column":12},"end":{"line":301,"column":36},"skip":true}]},"24":{"line":303,"type":"binary-expr","locations":[{"start":{"line":303,"column":43},"end":{"line":303,"column":75},"skip":true},{"start":{"line":303,"column":79},"end":{"line":303,"column":81},"skip":true}]},"25":{"line":306,"type":"if","locations":[{"start":{"line":306,"column":8},"end":{"line":306,"column":8},"skip":true},{"start":{"line":306,"column":8},"end":{"line":306,"column":8},"skip":true}]},"26":{"line":310,"type":"if","locations":[{"start":{"line":310,"column":8},"end":{"line":310,"column":8},"skip":true},{"start":{"line":310,"column":8},"end":{"line":310,"column":8},"skip":true}]},"27":{"line":313,"type":"binary-expr","locations":[{"start":{"line":313,"column":27},"end":{"line":313,"column":43},"skip":true},{"start":{"line":313,"column":47},"end":{"line":313,"column":53},"skip":true}]},"28":{"line":317,"type":"if","locations":[{"start":{"line":317,"column":12},"end":{"line":317,"column":12},"skip":true},{"start":{"line":317,"column":12},"end":{"line":317,"column":12},"skip":true}]}},"code":["/*","example.js","","quickstart example","","instruction","    1. save this script as example.js","    2. run the shell command:","        $ npm install npmtest-phonegap-plugin-barcodescanner && PORT=8081 node example.js","    3. play with the browser-demo on http://127.0.0.1:8081","*/","","","","/* istanbul instrument in package npmtest_phonegap_plugin_barcodescanner */","/*jslint","    bitwise: true,","    browser: true,","    maxerr: 8,","    maxlen: 96,","    node: true,","    nomen: true,","    regexp: true,","    stupid: true","*/","(function () {","    'use strict';","    var local;","","","","    // run shared js-env code - pre-init","    (function () {","        // init local","        local = {};","        // init modeJs","        local.modeJs = (function () {","            try {","                return typeof navigator.userAgent === 'string' &&","                    typeof document.querySelector('body') === 'object' &&","                    typeof XMLHttpRequest.prototype.open === 'function' &&","                    'browser';","            } catch (errorCaughtBrowser) {","                return module.exports &&","                    typeof process.versions.node === 'string' &&","                    typeof require('http').createServer === 'function' &&","                    'node';","            }","        }());","        // init global","        local.global = local.modeJs === 'browser'","            ? window","            : global;","        // init utility2_rollup","        local = local.global.utility2_rollup || (local.modeJs === 'browser'","            ? local.global.utility2_npmtest_phonegap_plugin_barcodescanner","            : global.utility2_moduleExports);","        // export local","        local.global.local = local;","    }());","    switch (local.modeJs) {","","","","    // post-init","    // run browser js-env code - post-init","    /* istanbul ignore next */","    case 'browser':","        local.testRunBrowser = function (event) {","            if (!event || (event &&","                    event.currentTarget &&","                    event.currentTarget.className &&","                    event.currentTarget.className.includes &&","                    event.currentTarget.className.includes('onreset'))) {","                // reset output","                Array.from(","                    document.querySelectorAll('body > .resettable')","                ).forEach(function (element) {","                    switch (element.tagName) {","                    case 'INPUT':","                    case 'TEXTAREA':","                        element.value = '';","                        break;","                    default:","                        element.textContent = '';","                    }","                });","            }","            switch (event && event.currentTarget && event.currentTarget.id) {","            case 'testRunButton1':","                // show tests","                if (document.querySelector('#testReportDiv1').style.display === 'none') {","                    document.querySelector('#testReportDiv1').style.display = 'block';","                    document.querySelector('#testRunButton1').textContent =","                        'hide internal test';","                    local.modeTest = true;","                    local.testRunDefault(local);","                // hide tests","                } else {","                    document.querySelector('#testReportDiv1').style.display = 'none';","                    document.querySelector('#testRunButton1').textContent = 'run internal test';","                }","                break;","            // custom-case","            default:","                break;","            }","            if (document.querySelector('#inputTextareaEval1') && (!event || (event &&","                    event.currentTarget &&","                    event.currentTarget.className &&","                    event.currentTarget.className.includes &&","                    event.currentTarget.className.includes('oneval')))) {","                // try to eval input-code","                try {","                    /*jslint evil: true*/","                    eval(document.querySelector('#inputTextareaEval1').value);","                } catch (errorCaught) {","                    console.error(errorCaught);","                }","            }","        };","        // log stderr and stdout to #outputTextareaStdout1","        ['error', 'log'].forEach(function (key) {","            console[key + '_original'] = console[key];","            console[key] = function () {","                var element;","                console[key + '_original'].apply(console, arguments);","                element = document.querySelector('#outputTextareaStdout1');","                if (!element) {","                    return;","                }","                // append text to #outputTextareaStdout1","                element.value += Array.from(arguments).map(function (arg) {","                    return typeof arg === 'string'","                        ? arg","                        : JSON.stringify(arg, null, 4);","                }).join(' ') + '\\n';","                // scroll textarea to bottom","                element.scrollTop = element.scrollHeight;","            };","        });","        // init event-handling","        ['change', 'click', 'keyup'].forEach(function (event) {","            Array.from(document.querySelectorAll('.on' + event)).forEach(function (element) {","                element.addEventListener(event, local.testRunBrowser);","            });","        });","        // run tests","        local.testRunBrowser();","        break;","","","","    // run node js-env code - post-init","    /* istanbul ignore next */","    case 'node':","        // export local","        module.exports = local;","        // require modules","        local.fs = require('fs');","        local.http = require('http');","        local.url = require('url');","        // init assets","        local.assetsDict = local.assetsDict || {};","        /* jslint-ignore-begin */","        local.assetsDict['/assets.index.template.html'] = '\\","<!doctype html>\\n\\","<html lang=\"en\">\\n\\","<head>\\n\\","<meta charset=\"UTF-8\">\\n\\","<meta name=\"viewport\" content=\"width=device-width, initial-scale=1\">\\n\\","<title>{{env.npm_package_name}} (v{{env.npm_package_version}})</title>\\n\\","<style>\\n\\","/*csslint\\n\\","    box-sizing: false,\\n\\","    universal-selector: false\\n\\","*/\\n\\","* {\\n\\","    box-sizing: border-box;\\n\\","}\\n\\","body {\\n\\","    background: #dde;\\n\\","    font-family: Arial, Helvetica, sans-serif;\\n\\","    margin: 2rem;\\n\\","}\\n\\","body > * {\\n\\","    margin-bottom: 1rem;\\n\\","}\\n\\",".utility2FooterDiv {\\n\\","    margin-top: 20px;\\n\\","    text-align: center;\\n\\","}\\n\\","</style>\\n\\","<style>\\n\\","/*csslint\\n\\","*/\\n\\","textarea {\\n\\","    font-family: monospace;\\n\\","    height: 10rem;\\n\\","    width: 100%;\\n\\","}\\n\\","textarea[readonly] {\\n\\","    background: #ddd;\\n\\","}\\n\\","</style>\\n\\","</head>\\n\\","<body>\\n\\","<!-- utility2-comment\\n\\","<div id=\"ajaxProgressDiv1\" style=\"background: #d00; height: 2px; left: 0; margin: 0; padding: 0; position: fixed; top: 0; transition: background 0.5s, width 1.5s; width: 25%;\"></div>\\n\\","utility2-comment -->\\n\\","<h1>\\n\\","<!-- utility2-comment\\n\\","    <a\\n\\","        {{#if env.npm_package_homepage}}\\n\\","        href=\"{{env.npm_package_homepage}}\"\\n\\","        {{/if env.npm_package_homepage}}\\n\\","        target=\"_blank\"\\n\\","    >\\n\\","utility2-comment -->\\n\\","        {{env.npm_package_name}} (v{{env.npm_package_version}})\\n\\","<!-- utility2-comment\\n\\","    </a>\\n\\","utility2-comment -->\\n\\","</h1>\\n\\","<h3>{{env.npm_package_description}}</h3>\\n\\","<!-- utility2-comment\\n\\","<h4><a download href=\"assets.app.js\">download standalone app</a></h4>\\n\\","<button class=\"onclick onreset\" id=\"testRunButton1\">run internal test</button><br>\\n\\","<div id=\"testReportDiv1\" style=\"display: none;\"></div>\\n\\","utility2-comment -->\\n\\","\\n\\","\\n\\","\\n\\","<label>stderr and stdout</label>\\n\\","<textarea class=\"resettable\" id=\"outputTextareaStdout1\" readonly></textarea>\\n\\","<!-- utility2-comment\\n\\","{{#if isRollup}}\\n\\","<script src=\"assets.app.js\"></script>\\n\\","{{#unless isRollup}}\\n\\","utility2-comment -->\\n\\","<script src=\"assets.utility2.rollup.js\"></script>\\n\\","<script src=\"jsonp.utility2._stateInit?callback=window.utility2._stateInit\"></script>\\n\\","<script src=\"assets.npmtest_phonegap_plugin_barcodescanner.rollup.js\"></script>\\n\\","<script src=\"assets.example.js\"></script>\\n\\","<script src=\"assets.test.js\"></script>\\n\\","<!-- utility2-comment\\n\\","{{/if isRollup}}\\n\\","utility2-comment -->\\n\\","<div class=\"utility2FooterDiv\">\\n\\","    [ this app was created with\\n\\","    <a href=\"https://github.com/kaizhu256/node-utility2\" target=\"_blank\">utility2</a>\\n\\","    ]\\n\\","</div>\\n\\","</body>\\n\\","</html>\\n\\","';","        /* jslint-ignore-end */","        if (local.templateRender) {","            local.assetsDict['/'] = local.templateRender(","                local.assetsDict['/assets.index.template.html'],","                {","                    env: local.objectSetDefault(local.env, {","                        npm_package_description: 'the greatest app in the world!',","                        npm_package_name: 'my-app',","                        npm_package_nameAlias: 'my_app',","                        npm_package_version: '0.0.1'","                    })","                }","            );","        } else {","            local.assetsDict['/'] = local.assetsDict['/assets.index.template.html']","                .replace((/\\{\\{env\\.(\\w+?)\\}\\}/g), function (match0, match1) {","                    // jslint-hack","                    String(match0);","                    switch (match1) {","                    case 'npm_package_description':","                        return 'the greatest app in the world!';","                    case 'npm_package_name':","                        return 'my-app';","                    case 'npm_package_nameAlias':","                        return 'my_app';","                    case 'npm_package_version':","                        return '0.0.1';","                    }","                });","        }","        // run the cli","        if (local.global.utility2_rollup || module !== require.main) {","            break;","        }","        local.assetsDict['/assets.example.js'] =","            local.assetsDict['/assets.example.js'] ||","            local.fs.readFileSync(__filename, 'utf8');","        // bug-workaround - long $npm_package_buildCustomOrg","        /* jslint-ignore-begin */","        local.assetsDict['/assets.npmtest_phonegap_plugin_barcodescanner.rollup.js'] =","            local.assetsDict['/assets.npmtest_phonegap_plugin_barcodescanner.rollup.js'] ||","            local.fs.readFileSync(","                local.npmtest_phonegap_plugin_barcodescanner.__dirname + '/lib.npmtest_phonegap_plugin_barcodescanner.js',","                'utf8'","            ).replace((/^#!/), '//');","        /* jslint-ignore-end */","        local.assetsDict['/favicon.ico'] = local.assetsDict['/favicon.ico'] || '';","        // if $npm_config_timeout_exit exists,","        // then exit this process after $npm_config_timeout_exit ms","        if (Number(process.env.npm_config_timeout_exit)) {","            setTimeout(process.exit, Number(process.env.npm_config_timeout_exit));","        }","        // start server","        if (local.global.utility2_serverHttp1) {","            break;","        }","        process.env.PORT = process.env.PORT || '8081';","        console.error('server starting on port ' + process.env.PORT);","        local.http.createServer(function (request, response) {","            request.urlParsed = local.url.parse(request.url);","            if (local.assetsDict[request.urlParsed.pathname] !== undefined) {","                response.end(local.assetsDict[request.urlParsed.pathname]);","                return;","            }","            response.statusCode = 404;","            response.end();","        }).listen(process.env.PORT);","        break;","    }","}());",""],"l":{"26":2,"28":2,"33":2,"35":2,"37":2,"38":2,"39":2,"44":1,"51":2,"55":2,"59":2,"61":2,"69":1,"70":2,"76":2,"79":2,"82":2,"83":2,"85":1,"89":2,"92":1,"93":1,"94":1,"96":1,"97":1,"100":1,"101":1,"103":1,"106":1,"108":2,"114":1,"116":1,"118":1,"123":1,"124":2,"125":2,"126":3,"127":3,"128":3,"129":3,"130":1,"133":3,"134":3,"139":3,"143":1,"144":3,"145":1,"149":1,"150":1,"158":1,"160":1,"161":1,"162":1,"164":1,"166":1,"258":1,"259":1,"271":1,"274":6,"275":6,"277":1,"279":2,"281":1,"283":2,"288":1,"289":1,"291":1,"296":1,"303":1,"306":1,"307":1,"310":1,"311":1,"313":1,"314":1,"315":1,"316":1,"317":1,"318":1,"319":1,"321":1,"322":1,"324":1}},"/home/travis/build/npmtest/node-npmtest-phonegap-plugin-barcodescanner/node_modules/phonegap-plugin-barcodescanner/www/barcodescanner.js":{"path":"/home/travis/build/npmtest/node-npmtest-phonegap-plugin-barcodescanner/node_modules/phonegap-plugin-barcodescanner/www/barcodescanner.js","s":{"1":2,"2":1,"3":1,"4":1,"5":1,"6":1,"7":0,"8":0,"9":0,"10":0,"11":0,"12":0,"13":0,"14":0,"15":0,"16":0,"17":0,"18":0,"19":0,"20":0,"21":0,"22":0,"23":0,"24":0,"25":0,"26":0,"27":0,"28":1,"29":0,"30":0,"31":0,"32":0,"33":0,"34":0,"35":0,"36":0,"37":0,"38":1,"39":1},"b":{"1":[0,0],"2":[0,0],"3":[0,0],"4":[0,0],"5":[0,0],"6":[0,0],"7":[0,0],"8":[0,0],"9":[0,0]},"f":{"1":1,"2":0,"3":0,"4":0,"5":0,"6":0,"7":0},"fnMap":{"1":{"name":"BarcodeScanner","line":19,"loc":{"start":{"line":19,"column":8},"end":{"line":19,"column":34}}},"2":{"name":"(anonymous_2)","line":75,"loc":{"start":{"line":75,"column":32},"end":{"line":75,"column":82}}},"3":{"name":"(anonymous_3)","line":88,"loc":{"start":{"line":88,"column":32},"end":{"line":88,"column":44}}},"4":{"name":"(anonymous_4)","line":110,"loc":{"start":{"line":110,"column":16},"end":{"line":110,"column":33}}},"5":{"name":"(anonymous_5)","line":114,"loc":{"start":{"line":114,"column":16},"end":{"line":114,"column":32}}},"6":{"name":"(anonymous_6)","line":125,"loc":{"start":{"line":125,"column":42},"end":{"line":125,"column":105}}},"7":{"name":"(anonymous_7)","line":127,"loc":{"start":{"line":127,"column":32},"end":{"line":127,"column":44}}}},"statementMap":{"1":{"start":{"line":10,"column":8},"end":{"line":10,"column":51}},"2":{"start":{"line":12,"column":8},"end":{"line":12,"column":35}},"3":{"start":{"line":19,"column":8},"end":{"line":62,"column":3}},"4":{"start":{"line":26,"column":12},"end":{"line":33,"column":14}},"5":{"start":{"line":40,"column":4},"end":{"line":61,"column":10}},"6":{"start":{"line":75,"column":0},"end":{"line":122,"column":10}},"7":{"start":{"line":77,"column":12},"end":{"line":85,"column":13}},"8":{"start":{"line":80,"column":16},"end":{"line":84,"column":17}},"9":{"start":{"line":81,"column":20},"end":{"line":81,"column":40}},"10":{"start":{"line":83,"column":20},"end":{"line":83,"column":32}},"11":{"start":{"line":87,"column":12},"end":{"line":90,"column":13}},"12":{"start":{"line":88,"column":16},"end":{"line":89,"column":18}},"13":{"start":{"line":92,"column":12},"end":{"line":95,"column":13}},"14":{"start":{"line":93,"column":16},"end":{"line":93,"column":93}},"15":{"start":{"line":94,"column":16},"end":{"line":94,"column":23}},"16":{"start":{"line":97,"column":12},"end":{"line":100,"column":13}},"17":{"start":{"line":98,"column":16},"end":{"line":98,"column":106}},"18":{"start":{"line":99,"column":16},"end":{"line":99,"column":23}},"19":{"start":{"line":102,"column":12},"end":{"line":105,"column":13}},"20":{"start":{"line":103,"column":16},"end":{"line":103,"column":61}},"21":{"start":{"line":104,"column":16},"end":{"line":104,"column":23}},"22":{"start":{"line":107,"column":12},"end":{"line":107,"column":34}},"23":{"start":{"line":109,"column":12},"end":{"line":121,"column":14}},"24":{"start":{"line":111,"column":20},"end":{"line":111,"column":43}},"25":{"start":{"line":112,"column":20},"end":{"line":112,"column":44}},"26":{"start":{"line":115,"column":20},"end":{"line":115,"column":43}},"27":{"start":{"line":116,"column":20},"end":{"line":116,"column":41}},"28":{"start":{"line":125,"column":8},"end":{"line":144,"column":10}},"29":{"start":{"line":126,"column":12},"end":{"line":129,"column":13}},"30":{"start":{"line":127,"column":16},"end":{"line":128,"column":18}},"31":{"start":{"line":131,"column":12},"end":{"line":134,"column":13}},"32":{"start":{"line":132,"column":16},"end":{"line":132,"column":95}},"33":{"start":{"line":133,"column":16},"end":{"line":133,"column":23}},"34":{"start":{"line":136,"column":12},"end":{"line":139,"column":13}},"35":{"start":{"line":137,"column":16},"end":{"line":137,"column":108}},"36":{"start":{"line":138,"column":16},"end":{"line":138,"column":23}},"37":{"start":{"line":141,"column":12},"end":{"line":143,"column":15}},"38":{"start":{"line":146,"column":8},"end":{"line":146,"column":50}},"39":{"start":{"line":147,"column":8},"end":{"line":147,"column":40}}},"branchMap":{"1":{"line":77,"type":"if","locations":[{"start":{"line":77,"column":12},"end":{"line":77,"column":12}},{"start":{"line":77,"column":12},"end":{"line":77,"column":12}}]},"2":{"line":80,"type":"if","locations":[{"start":{"line":80,"column":16},"end":{"line":80,"column":16}},{"start":{"line":80,"column":16},"end":{"line":80,"column":16}}]},"3":{"line":87,"type":"if","locations":[{"start":{"line":87,"column":12},"end":{"line":87,"column":12}},{"start":{"line":87,"column":12},"end":{"line":87,"column":12}}]},"4":{"line":92,"type":"if","locations":[{"start":{"line":92,"column":12},"end":{"line":92,"column":12}},{"start":{"line":92,"column":12},"end":{"line":92,"column":12}}]},"5":{"line":97,"type":"if","locations":[{"start":{"line":97,"column":12},"end":{"line":97,"column":12}},{"start":{"line":97,"column":12},"end":{"line":97,"column":12}}]},"6":{"line":102,"type":"if","locations":[{"start":{"line":102,"column":12},"end":{"line":102,"column":12}},{"start":{"line":102,"column":12},"end":{"line":102,"column":12}}]},"7":{"line":126,"type":"if","locations":[{"start":{"line":126,"column":12},"end":{"line":126,"column":12}},{"start":{"line":126,"column":12},"end":{"line":126,"column":12}}]},"8":{"line":131,"type":"if","locations":[{"start":{"line":131,"column":12},"end":{"line":131,"column":12}},{"start":{"line":131,"column":12},"end":{"line":131,"column":12}}]},"9":{"line":136,"type":"if","locations":[{"start":{"line":136,"column":12},"end":{"line":136,"column":12}},{"start":{"line":136,"column":12},"end":{"line":136,"column":12}}]}},"code":["/**"," * cordova is available under *either* the terms of the modified BSD license *or* the"," * MIT License (2008). See http://opensource.org/licenses/alphabetical for full text."," *"," * Copyright (c) Matt Kane 2010"," * Copyright (c) 2011, IBM Corporation"," */","","","        var exec = cordova.require(\"cordova/exec\");","","        var scanInProgress = false;","","        /**","         * Constructor.","         *","         * @returns {BarcodeScanner}","         */","        function BarcodeScanner() {","","            /**","             * Encoding constants.","             *","             * @type Object","             */","            this.Encode = {","                TEXT_TYPE: \"TEXT_TYPE\",","                EMAIL_TYPE: \"EMAIL_TYPE\",","                PHONE_TYPE: \"PHONE_TYPE\",","                SMS_TYPE: \"SMS_TYPE\"","                //  CONTACT_TYPE: \"CONTACT_TYPE\",  // TODO:  not implemented, requires passing a Bundle class from Javascript to Java","                //  LOCATION_TYPE: \"LOCATION_TYPE\" // TODO:  not implemented, requires passing a Bundle class from Javascript to Java","            };","","    /**","     * Barcode format constants, defined in ZXing library.","     *","     * @type Object","     */","    this.format = {","        \"all_1D\": 61918,","        \"aztec\": 1,","        \"codabar\": 2,","        \"code_128\": 16,","        \"code_39\": 4,","        \"code_93\": 8,","        \"data_MATRIX\": 32,","        \"ean_13\": 128,","        \"ean_8\": 64,","        \"itf\": 256,","        \"maxicode\": 512,","        \"msi\": 131072,","        \"pdf_417\": 1024,","        \"plessey\": 262144,","        \"qr_CODE\": 2048,","        \"rss_14\": 4096,","        \"rss_EXPANDED\": 8192,","        \"upc_A\": 16384,","        \"upc_E\": 32768,","        \"upc_EAN_EXTENSION\": 65536","        };","  }","","/**"," * Read code from scanner."," *"," * @param {Function} successCallback This function will recieve a result object: {","         *        text : '12345-mock',    // The code that was scanned.","         *        format : 'FORMAT_NAME', // Code format.","         *        cancelled : true/false, // Was canceled.","         *    }"," * @param {Function} errorCallback"," * @param config"," */","BarcodeScanner.prototype.scan = function (successCallback, errorCallback, config) {","","            if (config instanceof Array) {","                // do nothing","            } else {","                if (typeof(config) === 'object') {","                    config = [ config ];","                } else {","                    config = [];","                }","            }","","            if (errorCallback == null) {","                errorCallback = function () {","                };","            }","","            if (typeof errorCallback != \"function\") {","                console.log(\"BarcodeScanner.scan failure: failure parameter not a function\");","                return;","            }","","            if (typeof successCallback != \"function\") {","                console.log(\"BarcodeScanner.scan failure: success callback parameter must be a function\");","                return;","            }","","            if (scanInProgress) {","                errorCallback('Scan is already in progress');","                return;","            }","","            scanInProgress = true;","","            exec(","                function(result) {","                    scanInProgress = false;","                    successCallback(result);","                },","                function(error) {","                    scanInProgress = false;","                    errorCallback(error);","                },","                'BarcodeScanner',","                'scan',","                config","            );","        };","","        //-------------------------------------------------------------------","        BarcodeScanner.prototype.encode = function (type, data, successCallback, errorCallback, options) {","            if (errorCallback == null) {","                errorCallback = function () {","                };","            }","","            if (typeof errorCallback != \"function\") {","                console.log(\"BarcodeScanner.encode failure: failure parameter not a function\");","                return;","            }","","            if (typeof successCallback != \"function\") {","                console.log(\"BarcodeScanner.encode failure: success callback parameter must be a function\");","                return;","            }","","            exec(successCallback, errorCallback, 'BarcodeScanner', 'encode', [","                {\"type\": type, \"data\": data, \"options\": options}","            ]);","        };","","        var barcodeScanner = new BarcodeScanner();","        module.exports = barcodeScanner;",""],"l":{"10":2,"12":1,"19":1,"26":1,"40":1,"75":1,"77":0,"80":0,"81":0,"83":0,"87":0,"88":0,"92":0,"93":0,"94":0,"97":0,"98":0,"99":0,"102":0,"103":0,"104":0,"107":0,"109":0,"111":0,"112":0,"115":0,"116":0,"125":1,"126":0,"127":0,"131":0,"132":0,"133":0,"136":0,"137":0,"138":0,"141":0,"146":1,"147":1}},"/home/travis/build/npmtest/node-npmtest-phonegap-plugin-barcodescanner/node_modules/phonegap-plugin-barcodescanner/hooks/windows/check-arch.js":{"path":"/home/travis/build/npmtest/node-npmtest-phonegap-plugin-barcodescanner/node_modules/phonegap-plugin-barcodescanner/hooks/windows/check-arch.js","s":{"1":1,"2":0,"3":0,"4":0,"5":0,"6":0,"7":0,"8":0,"9":0,"10":0,"11":0,"12":0,"13":0,"14":0,"15":0,"16":0,"17":0,"18":0,"19":0,"20":0,"21":0},"b":{"1":[0,0],"2":[0,0,0,0],"3":[0,0],"4":[0,0],"5":[0,0],"6":[0,0],"7":[0,0],"8":[0,0],"9":[0,0],"10":[0,0]},"f":{"1":0,"2":0},"fnMap":{"1":{"name":"(anonymous_1)","line":1,"loc":{"start":{"line":1,"column":17},"end":{"line":1,"column":31}}},"2":{"name":"(anonymous_2)","line":44,"loc":{"start":{"line":44,"column":49},"end":{"line":44,"column":65}}}},"statementMap":{"1":{"start":{"line":1,"column":0},"end":{"line":52,"column":1}},"2":{"start":{"line":2,"column":4},"end":{"line":51,"column":5}},"3":{"start":{"line":4,"column":8},"end":{"line":4,"column":35}},"4":{"start":{"line":5,"column":8},"end":{"line":5,"column":56}},"5":{"start":{"line":6,"column":8},"end":{"line":6,"column":52}},"6":{"start":{"line":9,"column":8},"end":{"line":19,"column":41}},"7":{"start":{"line":22,"column":8},"end":{"line":22,"column":69}},"8":{"start":{"line":25,"column":8},"end":{"line":36,"column":9}},"9":{"start":{"line":26,"column":12},"end":{"line":26,"column":87}},"10":{"start":{"line":28,"column":12},"end":{"line":28,"column":102}},"11":{"start":{"line":29,"column":12},"end":{"line":29,"column":71}},"12":{"start":{"line":31,"column":12},"end":{"line":31,"column":61}},"13":{"start":{"line":32,"column":12},"end":{"line":35,"column":13}},"14":{"start":{"line":33,"column":16},"end":{"line":33,"column":38}},"15":{"start":{"line":34,"column":16},"end":{"line":34,"column":61}},"16":{"start":{"line":39,"column":8},"end":{"line":50,"column":9}},"17":{"start":{"line":40,"column":12},"end":{"line":40,"column":64}},"18":{"start":{"line":41,"column":12},"end":{"line":41,"column":60}},"19":{"start":{"line":44,"column":12},"end":{"line":49,"column":13}},"20":{"start":{"line":45,"column":16},"end":{"line":45,"column":55}},"21":{"start":{"line":47,"column":16},"end":{"line":48,"column":140}}},"branchMap":{"1":{"line":2,"type":"if","locations":[{"start":{"line":2,"column":4},"end":{"line":2,"column":4}},{"start":{"line":2,"column":4},"end":{"line":2,"column":4}}]},"2":{"line":2,"type":"binary-expr","locations":[{"start":{"line":2,"column":8},"end":{"line":2,"column":16}},{"start":{"line":2,"column":20},"end":{"line":2,"column":38}},{"start":{"line":2,"column":42},"end":{"line":2,"column":84}},{"start":{"line":3,"column":11},"end":{"line":3,"column":27}}]},"3":{"line":22,"type":"binary-expr","locations":[{"start":{"line":22,"column":22},"end":{"line":22,"column":31}},{"start":{"line":22,"column":35},"end":{"line":22,"column":68}}]},"4":{"line":25,"type":"if","locations":[{"start":{"line":25,"column":8},"end":{"line":25,"column":8}},{"start":{"line":25,"column":8},"end":{"line":25,"column":8}}]},"5":{"line":32,"type":"if","locations":[{"start":{"line":32,"column":12},"end":{"line":32,"column":12}},{"start":{"line":32,"column":12},"end":{"line":32,"column":12}}]},"6":{"line":39,"type":"if","locations":[{"start":{"line":39,"column":8},"end":{"line":39,"column":8}},{"start":{"line":39,"column":8},"end":{"line":39,"column":8}}]},"7":{"line":40,"type":"binary-expr","locations":[{"start":{"line":40,"column":27},"end":{"line":40,"column":49}},{"start":{"line":40,"column":53},"end":{"line":40,"column":63}}]},"8":{"line":41,"type":"cond-expr","locations":[{"start":{"line":41,"column":35},"end":{"line":41,"column":54}},{"start":{"line":41,"column":57},"end":{"line":41,"column":59}}]},"9":{"line":44,"type":"if","locations":[{"start":{"line":44,"column":12},"end":{"line":44,"column":12}},{"start":{"line":44,"column":12},"end":{"line":44,"column":12}}]},"10":{"line":44,"type":"binary-expr","locations":[{"start":{"line":44,"column":16},"end":{"line":44,"column":34}},{"start":{"line":44,"column":38},"end":{"line":46,"column":14}}]}},"code":["module.exports = function(ctx) {","    if (ctx.opts && ctx.opts.platforms && ctx.opts.platforms.indexOf('windows') > -1","        && ctx.opts.options) {","        var path = require('path');","        var shell = ctx.requireCordovaModule('shelljs');","        var nopt = ctx.requireCordovaModule('nopt');","","        // parse and validate args","        var args = nopt({","            'archs': [String],","            'appx': String,","            'phone': Boolean,","            'win': Boolean,","            'bundle': Boolean,","            'packageCertificateKeyFile': String,","            'packageThumbprint': String,","            'publisherId': String,","            'buildConfig': String","        }, {}, ctx.opts.options.argv, 0);","","        // Check if --appx flag is passed so that we have a project build version override:  ","        var isWin10 = args.appx && args.appx.toLowerCase() === 'uap';","","        // Else check \"windows-target-version\" preference:","        if (!isWin10) {","            var configXml = shell.ls(path.join(ctx.opts.projectRoot, 'config.xml'))[0];","","            var reTargetVersion = /<preference\\s+name=\"windows-target-version\"\\s+value=\"(.+)\"\\s*\\/>/i;","            var targetVersion = shell.grep(reTargetVersion, configXml);","","            var result = reTargetVersion.exec(targetVersion);","            if (result !== null) {","                var match = result[1];","                isWin10 = parseInt(match.split('.'), 10) > 8;","            }","        }","","        // Non-AnyCPU arch is required for Windows 10 (UWP) projects only:","        if (isWin10) {","            var rawArchs = ctx.opts.options.archs || args.archs;","            var archs = rawArchs ? rawArchs.split(' ') : [];","","            // Avoid \"anycpu\" arch:","            if (archs.length === 0 || archs.some(function (item) {","                return item.toLowerCase() === 'anycpu';","            })) {","                throw new Error('You must specify an architecture to include the proper ZXing library version.'","                + '\\nUse \\'cordova run windows -- --arch=\"x64\"\\' or \\'cordova run windows -- --arch=\"arm\" --phone --device\\' for example.');","            }","        }","    }","}",""],"l":{"1":1,"2":0,"4":0,"5":0,"6":0,"9":0,"22":0,"25":0,"26":0,"28":0,"29":0,"31":0,"32":0,"33":0,"34":0,"39":0,"40":0,"41":0,"44":0,"45":0,"47":0}},"/home/travis/build/npmtest/node-npmtest-phonegap-plugin-barcodescanner/node_modules/phonegap-plugin-barcodescanner/spec/helper/cordova.js":{"path":"/home/travis/build/npmtest/node-npmtest-phonegap-plugin-barcodescanner/node_modules/phonegap-plugin-barcodescanner/spec/helper/cordova.js","s":{"1":1,"2":1,"3":1,"4":1,"5":1,"6":1,"7":0},"b":{"1":[1,0]},"f":{"1":1,"2":0,"3":1,"4":0},"fnMap":{"1":{"name":"(anonymous_1)","line":38,"loc":{"start":{"line":38,"column":13},"end":{"line":38,"column":32}}},"2":{"name":"(anonymous_2)","line":41,"loc":{"start":{"line":41,"column":41},"end":{"line":41,"column":52}}},"3":{"name":"ModuleMap","line":77,"loc":{"start":{"line":77,"column":0},"end":{"line":77,"column":29}}},"4":{"name":"(anonymous_4)","line":78,"loc":{"start":{"line":78,"column":11},"end":{"line":78,"column":22}}}},"statementMap":{"1":{"start":{"line":26,"column":0},"end":{"line":65,"column":2}},"2":{"start":{"line":40,"column":8},"end":{"line":42,"column":9}},"3":{"start":{"line":41,"column":12},"end":{"line":41,"column":55}},"4":{"start":{"line":44,"column":8},"end":{"line":44,"column":39}},"5":{"start":{"line":77,"column":0},"end":{"line":83,"column":1}},"6":{"start":{"line":78,"column":4},"end":{"line":82,"column":6}},"7":{"start":{"line":81,"column":8},"end":{"line":81,"column":65}}},"branchMap":{"1":{"line":40,"type":"if","locations":[{"start":{"line":40,"column":8},"end":{"line":40,"column":8}},{"start":{"line":40,"column":8},"end":{"line":40,"column":8}}]}},"code":["/* global cordova:true */","","/*!"," * Module dependencies."," */","","/**"," * cordova.js for node."," *"," * Think of this as cordova-node, which would be simliar to cordova-android"," * or cordova-browser. The purpose of this module is to enable testing"," * of a plugin's JavaScript interface."," *"," * When this module is first required, it will insert a global cordova"," * instance, which can hijack cordova-specific commands within the pluin's"," * implementation."," *"," * Remember to require this module before the plugin that you want to test."," *"," * Example:"," *"," *     var cordova = require('./helper/cordova'),"," *         myPlugin = require('../www/myPlugin');"," */","","module.exports = global.cordova = cordova = {","","    /**","     * cordova.require Mock.","     *","     * Hijacks all cordova.requires. By default, it returns an empty function.","     * You can define your own implementation of each required module before","     * or after it has been required.","     *","     * See `cordova.required` to learn how to add your own module implemtnation.","     */","","    require: function(moduleId) {","        // define a default function if it doesn't exist","        if (!cordova.required[moduleId]) {","            cordova.required[moduleId] = function() {};","        }","        // create a new module mapping between the module Id and cordova.required.","        return new ModuleMap(moduleId);","    },","","    /**","     * Cordova module implementations.","     *","     * A key-value hash, where the key is the module such as 'cordova/exec'","     * and the value is the function or object returned.","     *","     * For example:","     *","     *     var exec = require('cordova/exec');","     *","     * Will map to:","     *","     *     cordova.required['cordova/exec'];","     */","","    required: {","        // populated at runtime","    }","};","","/**"," * Module Mapper."," *"," * Returns a function that when executed will lookup the implementation"," * in cordova.required[id]."," *"," * @param {String} moduleId is the module name/path, such as 'cordova/exec'"," * @return {Function}."," */","","function ModuleMap(moduleId) {","    return function() {","        // lookup and execute the module's mock implementation, passing","        // in any parameters that were provided.","        return cordova.required[moduleId].apply(this, arguments);","    };","}",""],"l":{"26":1,"40":1,"41":1,"44":1,"77":1,"78":1,"81":0}},"/home/travis/build/npmtest/node-npmtest-phonegap-plugin-barcodescanner/node_modules/phonegap-plugin-barcodescanner/src/blackberry10/qrcode.js":{"path":"/home/travis/build/npmtest/node-npmtest-phonegap-plugin-barcodescanner/node_modules/phonegap-plugin-barcodescanner/src/blackberry10/qrcode.js","s":{"1":2,"2":2,"3":1,"4":0,"5":0,"6":0,"7":0,"8":0,"9":0,"10":0,"11":0,"12":0,"13":0,"14":0,"15":0,"16":0,"17":0,"18":0,"19":0,"20":0,"21":0,"22":0,"23":0,"24":0,"25":0,"26":0,"27":0,"28":0,"29":2,"30":0,"31":0,"32":0,"33":1,"34":0,"35":0,"36":0,"37":0,"38":0,"39":0,"40":2,"41":0,"42":0,"43":0,"44":0,"45":0,"46":0,"47":0,"48":0,"49":0,"50":0,"51":0,"52":0,"53":0,"54":0,"55":0,"56":0,"57":0,"58":0,"59":0,"60":0,"61":0,"62":0,"63":0,"64":0,"65":0,"66":0,"67":0,"68":0,"69":0,"70":0,"71":0,"72":0,"73":0,"74":0,"75":0,"76":0,"77":0,"78":0,"79":0,"80":0,"81":0,"82":0,"83":0,"84":0,"85":0,"86":0,"87":0,"88":0,"89":0,"90":0,"91":0,"92":0,"93":0,"94":0,"95":0,"96":0,"97":0,"98":0,"99":0,"100":0,"101":0,"102":0,"103":0,"104":0,"105":0,"106":0,"107":0,"108":0,"109":0,"110":0,"111":0,"112":0,"113":0,"114":0,"115":0,"116":0,"117":0,"118":0,"119":0,"120":0,"121":0,"122":0,"123":0,"124":0,"125":0,"126":0,"127":0,"128":0,"129":0,"130":0,"131":0,"132":0,"133":0,"134":0,"135":0,"136":0,"137":0,"138":0,"139":0,"140":0,"141":0,"142":0,"143":0,"144":0,"145":0,"146":0,"147":0,"148":0,"149":0,"150":0,"151":0,"152":0,"153":0,"154":0,"155":0,"156":0,"157":0,"158":0,"159":0,"160":0,"161":0,"162":0,"163":0,"164":0,"165":0,"166":0,"167":0,"168":0,"169":0,"170":2,"171":2,"172":2,"173":0,"174":0,"175":0,"176":0,"177":0,"178":0,"179":0,"180":0,"181":0,"182":0,"183":0,"184":0,"185":0,"186":0,"187":0,"188":0,"189":0,"190":0,"191":0,"192":0,"193":0,"194":0,"195":0,"196":0,"197":2,"198":0,"199":0,"200":0,"201":0,"202":0,"203":0,"204":0,"205":0,"206":0,"207":0,"208":0,"209":0,"210":0,"211":0,"212":0,"213":0,"214":0,"215":0,"216":0,"217":0,"218":0,"219":0,"220":0,"221":0,"222":0,"223":0,"224":0,"225":0,"226":0,"227":0,"228":0,"229":0,"230":0,"231":0,"232":0,"233":2,"234":2,"235":2,"236":2,"237":0,"238":0,"239":0,"240":0,"241":0,"242":0,"243":0,"244":0,"245":0,"246":0,"247":0,"248":0,"249":0,"250":0,"251":0,"252":0,"253":0,"254":0,"255":0,"256":0,"257":0,"258":0,"259":0,"260":0,"261":0,"262":0,"263":0,"264":0,"265":0,"266":0,"267":0,"268":0,"269":0,"270":0,"271":0,"272":0,"273":0,"274":0,"275":0,"276":0,"277":0,"278":0,"279":0,"280":0,"281":0,"282":0,"283":0,"284":0,"285":0,"286":0,"287":0,"288":0,"289":0,"290":0,"291":0,"292":0,"293":0,"294":0,"295":0,"296":0,"297":0,"298":0,"299":0,"300":0,"301":0,"302":0,"303":0,"304":0,"305":0,"306":0,"307":0,"308":0,"309":0,"310":0,"311":0,"312":0,"313":0,"314":0,"315":0,"316":0,"317":0,"318":0,"319":0,"320":0,"321":0,"322":0,"323":0,"324":0,"325":0,"326":0,"327":0,"328":0,"329":0,"330":0,"331":0,"332":0,"333":0,"334":2,"335":0,"336":0,"337":0,"338":0,"339":0,"340":0,"341":0,"342":0,"343":2,"344":16,"345":2,"346":496,"347":2,"348":510,"349":1,"350":0,"351":0,"352":0,"353":0,"354":0,"355":0,"356":0,"357":0,"358":2,"359":0,"360":0,"361":0,"362":0,"363":0,"364":0,"365":0,"366":0,"367":0,"368":0,"369":0,"370":0,"371":0,"372":0,"373":0,"374":0,"375":1,"376":0,"377":0,"378":2,"379":2,"380":0,"381":0,"382":0,"383":0,"384":0,"385":0,"386":0,"387":0,"388":0,"389":0,"390":0,"391":0,"392":2,"393":0,"394":0,"395":0,"396":0,"397":0,"398":0,"399":1,"400":0,"401":0,"402":2,"403":0,"404":0,"405":0,"406":0,"407":0,"408":0,"409":0,"410":0,"411":0,"412":0,"413":0,"414":2,"415":1,"416":0,"417":1,"418":0,"419":0,"420":0,"421":0,"422":0,"423":0,"424":0,"425":0,"426":2,"427":2,"428":0,"429":0,"430":2,"431":0,"432":0,"433":0,"434":0,"435":0,"436":0,"437":1,"438":0,"439":0,"440":0,"441":0,"442":0,"443":0,"444":0,"445":0,"446":0,"447":0,"448":0,"449":0,"450":0,"451":0,"452":0,"453":0,"454":2,"455":0,"456":0,"457":2,"458":2,"459":0,"460":0,"461":0,"462":0,"463":0,"464":0,"465":0,"466":0,"467":0,"468":0,"469":0,"470":0,"471":0,"472":0,"473":0,"474":0,"475":0,"476":0,"477":0,"478":0,"479":0,"480":0,"481":0,"482":0,"483":0,"484":0,"485":1,"486":0,"487":0,"488":0,"489":0,"490":0,"491":0,"492":0,"493":0,"494":0,"495":0,"496":0,"497":0,"498":0,"499":0,"500":0,"501":0,"502":1,"503":0,"504":0,"505":0,"506":0,"507":0,"508":0,"509":0,"510":0,"511":0,"512":0,"513":0,"514":0,"515":0,"516":0,"517":0,"518":0,"519":0,"520":0,"521":0,"522":0,"523":0,"524":0,"525":0,"526":0,"527":0,"528":0,"529":0,"530":0,"531":0,"532":0,"533":0,"534":0,"535":0,"536":0,"537":0,"538":0,"539":0,"540":0,"541":0,"542":0,"543":0,"544":0,"545":0,"546":0,"547":0,"548":0,"549":0,"550":0,"551":0,"552":0,"553":0,"554":0,"555":0,"556":0,"557":0,"558":0,"559":0,"560":0,"561":0,"562":0,"563":0,"564":0,"565":0,"566":0,"567":0,"568":0,"569":0,"570":0,"571":0,"572":0,"573":0,"574":0,"575":0,"576":0,"577":1,"578":0,"579":0,"580":0,"581":0,"582":0,"583":0,"584":0,"585":0,"586":0,"587":0,"588":0,"589":0,"590":0,"591":0,"592":0,"593":0,"594":0,"595":0,"596":0,"597":1,"598":0,"599":0,"600":0,"601":0,"602":0,"603":0,"604":0,"605":0,"606":0,"607":0,"608":0,"609":0,"610":0,"611":0,"612":0,"613":0,"614":0,"615":0,"616":0,"617":0,"618":0,"619":0,"620":0,"621":0,"622":0,"623":0,"624":0,"625":0,"626":0,"627":0,"628":0,"629":0,"630":0,"631":0,"632":0},"b":{"1":[0,0],"2":[0,0],"3":[0,0],"4":[0,0],"5":[0,0],"6":[0,0,0,0],"7":[0,0],"8":[0,0],"9":[0,0],"10":[0,0],"11":[0,0],"12":[0,0],"13":[0,0],"14":[0,0,0,0,0,0,0,0,0,0,0,0],"15":[0,0],"16":[0,0],"17":[0,0],"18":[0,0],"19":[0,0],"20":[0,0],"21":[0,0],"22":[0,0,0,0,0,0],"23":[0,0],"24":[0,0],"25":[0,0],"26":[0,0],"27":[0,0],"28":[0,0],"29":[0,0],"30":[0,0],"31":[0,0],"32":[0,0],"33":[0,0],"34":[0,0],"35":[0,0],"36":[0,0],"37":[0,0],"38":[0,0],"39":[0,0],"40":[0,0],"41":[0,0],"42":[0,0],"43":[0,0],"44":[0,0],"45":[0,0,0,0,0,0,0,0,0],"46":[0,0],"47":[0,0],"48":[0,0,0,0,0],"49":[0,0],"50":[0,0,0,0,0],"51":[0,0],"52":[0,0,0,0,0],"53":[0,0],"54":[0,0],"55":[0,0],"56":[0,0],"57":[0,0],"58":[0,0],"59":[0,0],"60":[0,0],"61":[0,0],"62":[0,0],"63":[0,0],"64":[0,0],"65":[0,0],"66":[0,0],"67":[0,0],"68":[0,0,0,0,0,0,0],"69":[0,0],"70":[0,0,0,0,0,0,0],"71":[0,0],"72":[0,0],"73":[0,0],"74":[0,0],"75":[0,0],"76":[0,0],"77":[0,0,0,0,0],"78":[0,0],"79":[0,0],"80":[0,0],"81":[0,0],"82":[0,0],"83":[0,0],"84":[0,0],"85":[0,0],"86":[0,0],"87":[0,0],"88":[0,0],"89":[0,0],"90":[0,0],"91":[0,0],"92":[0,0],"93":[0,0],"94":[0,0],"95":[0,0],"96":[0,0],"97":[0,0],"98":[0,0],"99":[0,0],"100":[0,0],"101":[0,0],"102":[0,0],"103":[0,0],"104":[0,0],"105":[0,0],"106":[0,0,0,0],"107":[0,0],"108":[0,0],"109":[0,0],"110":[0,0],"111":[0,0],"112":[0,0],"113":[0,0],"114":[0,0],"115":[0,0],"116":[0,0,0]},"f":{"1":2,"2":0,"3":0,"4":0,"5":0,"6":0,"7":0,"8":0,"9":0,"10":0,"11":0,"12":0,"13":0,"14":0,"15":0,"16":0,"17":0,"18":0,"19":0,"20":0,"21":0,"22":0,"23":0,"24":0,"25":0,"26":0,"27":0,"28":0,"29":0,"30":0,"31":0,"32":0,"33":0,"34":0,"35":0,"36":0,"37":0,"38":0,"39":0,"40":0,"41":0,"42":0,"43":0,"44":0,"45":0,"46":2,"47":0,"48":0,"49":0,"50":0,"51":0,"52":0,"53":0,"54":0,"55":0,"56":0,"57":0,"58":0,"59":0,"60":0,"61":0,"62":0,"63":0,"64":0,"65":0,"66":0,"67":0,"68":0,"69":0,"70":0,"71":0,"72":0,"73":0},"fnMap":{"1":{"name":"(anonymous_1)","line":14,"loc":{"start":{"line":14,"column":1},"end":{"line":14,"column":13}}},"2":{"name":"QR8bitByte","line":30,"loc":{"start":{"line":30,"column":1},"end":{"line":30,"column":27}}},"3":{"name":"(anonymous_3)","line":69,"loc":{"start":{"line":69,"column":13},"end":{"line":69,"column":31}}},"4":{"name":"(anonymous_4)","line":72,"loc":{"start":{"line":72,"column":9},"end":{"line":72,"column":27}}},"5":{"name":"QRCodeModel","line":79,"loc":{"start":{"line":79,"column":1},"end":{"line":79,"column":53}}},"6":{"name":"(anonymous_6)","line":88,"loc":{"start":{"line":88,"column":32},"end":{"line":88,"column":46}}},"7":{"name":"(anonymous_7)","line":88,"loc":{"start":{"line":88,"column":137},"end":{"line":88,"column":154}}},"8":{"name":"(anonymous_8)","line":89,"loc":{"start":{"line":89,"column":48},"end":{"line":89,"column":58}}},"9":{"name":"(anonymous_9)","line":89,"loc":{"start":{"line":89,"column":90},
[...]
1030,790],[1952,1538,1112,842],[2068,1628,1168,898],[2188,1722,1228,958],[2303,1809,1283,983],[2431,1911,1351,1051],[2563,1989,1423,1093],[2699,2099,1499,1139],[2809,2213,1579,1219],[2953,2331,1663,1273]];","\t","\tfunction _isSupportCanvas() {","\t\treturn typeof CanvasRenderingContext2D != \"undefined\";","\t}","\t","\t// android 2.x doesn't support Data-URI spec","\tfunction _getAndroid() {","\t\tvar android = false;","\t\tvar sAgent = navigator.userAgent;","\t\t","\t\tif (/android/i.test(sAgent)) { // android","\t\t\tandroid = true;","\t\t\tvar aMat = sAgent.toString().match(/android ([0-9]\\.[0-9])/i);","\t\t\t","\t\t\tif (aMat && aMat[1]) {","\t\t\t\tandroid = parseFloat(aMat[1]);","\t\t\t}","\t\t}","\t\t","\t\treturn android;","\t}","\t","\tvar svgDrawer = (function() {","","\t\tvar Drawing = function (el, htOption) {","\t\t\tthis._el = el;","\t\t\tthis._htOption = htOption;","\t\t};","","\t\tDrawing.prototype.draw = function (oQRCode) {","\t\t\tvar _htOption = this._htOption;","\t\t\tvar _el = this._el;","\t\t\tvar nCount = oQRCode.getModuleCount();","\t\t\tvar nWidth = Math.floor(_htOption.width / nCount);","\t\t\tvar nHeight = Math.floor(_htOption.height / nCount);","","\t\t\tthis.clear();","","\t\t\tfunction makeSVG(tag, attrs) {","\t\t\t\tvar el = document.createElementNS('http://www.w3.org/2000/svg', tag);","\t\t\t\tfor (var k in attrs)","\t\t\t\t\tif (attrs.hasOwnProperty(k)) el.setAttribute(k, attrs[k]);","\t\t\t\treturn el;","\t\t\t}","","\t\t\tvar svg = makeSVG(\"svg\" , {'viewBox': '0 0 ' + String(nCount) + \" \" + String(nCount), 'width': '100%', 'height': '100%', 'fill': _htOption.colorLight});","\t\t\tsvg.setAttributeNS(\"http://www.w3.org/2000/xmlns/\", \"xmlns:xlink\", \"http://www.w3.org/1999/xlink\");","\t\t\t_el.appendChild(svg);","","\t\t\tsvg.appendChild(makeSVG(\"rect\", {\"fill\": _htOption.colorLight, \"width\": \"100%\", \"height\": \"100%\"}));","\t\t\tsvg.appendChild(makeSVG(\"rect\", {\"fill\": _htOption.colorDark, \"width\": \"1\", \"height\": \"1\", \"id\": \"template\"}));","","\t\t\tfor (var row = 0; row < nCount; row++) {","\t\t\t\tfor (var col = 0; col < nCount; col++) {","\t\t\t\t\tif (oQRCode.isDark(row, col)) {","\t\t\t\t\t\tvar child = makeSVG(\"use\", {\"x\": String(col), \"y\": String(row)});","\t\t\t\t\t\tchild.setAttributeNS(\"http://www.w3.org/1999/xlink\", \"href\", \"#template\");","\t\t\t\t\t\tsvg.appendChild(child);","\t\t\t\t\t}","\t\t\t\t}","\t\t\t}","\t\t};","\t\tDrawing.prototype.clear = function () {","\t\t\twhile (this._el.hasChildNodes())","\t\t\t\tthis._el.removeChild(this._el.lastChild);","\t\t};","\t\treturn Drawing;","\t})();","","\tvar useSVG = document.documentElement.tagName.toLowerCase() === \"svg\";","","\t// Drawing in DOM by using Table tag","\tvar Drawing = useSVG ? svgDrawer : !_isSupportCanvas() ? (function () {","\t\tvar Drawing = function (el, htOption) {","\t\t\tthis._el = el;","\t\t\tthis._htOption = htOption;","\t\t};","\t\t\t","\t\t/**","\t\t * Draw the QRCode","\t\t * ","\t\t * @param {QRCode} oQRCode","\t\t */","\t\tDrawing.prototype.draw = function (oQRCode) {","            var _htOption = this._htOption;","            var _el = this._el;","\t\t\tvar nCount = oQRCode.getModuleCount();","\t\t\tvar nWidth = Math.floor(_htOption.width / nCount);","\t\t\tvar nHeight = Math.floor(_htOption.height / nCount);","\t\t\tvar aHTML = ['<table style=\"border:0;border-collapse:collapse;\">'];","\t\t\t","\t\t\tfor (var row = 0; row < nCount; row++) {","\t\t\t\taHTML.push('<tr>');","\t\t\t\t","\t\t\t\tfor (var col = 0; col < nCount; col++) {","\t\t\t\t\taHTML.push('<td style=\"border:0;border-collapse:collapse;padding:0;margin:0;width:' + nWidth + 'px;height:' + nHeight + 'px;background-color:' + (oQRCode.isDark(row, col) ? _htOption.colorDark : _htOption.colorLight) + ';\"></td>');","\t\t\t\t}","\t\t\t\t","\t\t\t\taHTML.push('</tr>');","\t\t\t}","\t\t\t","\t\t\taHTML.push('</table>');","\t\t\t_el.innerHTML = aHTML.join('');","\t\t\t","\t\t\t// Fix the margin values as real size.","\t\t\tvar elTable = _el.childNodes[0];","\t\t\tvar nLeftMarginTable = (_htOption.width - elTable.offsetWidth) / 2;","\t\t\tvar nTopMarginTable = (_htOption.height - elTable.offsetHeight) / 2;","\t\t\t","\t\t\tif (nLeftMarginTable > 0 && nTopMarginTable > 0) {","\t\t\t\telTable.style.margin = nTopMarginTable + \"px \" + nLeftMarginTable + \"px\";\t","\t\t\t}","\t\t};","\t\t","\t\t/**","\t\t * Clear the QRCode","\t\t */","\t\tDrawing.prototype.clear = function () {","\t\t\tthis._el.innerHTML = '';","\t\t};","\t\t","\t\treturn Drawing;","\t})() : (function () { // Drawing in Canvas","\t\tfunction _onMakeImage() {","\t\t\tthis._elImage.src = this._elCanvas.toDataURL(\"image/png\");","\t\t\tthis._elImage.style.display = \"block\";","\t\t\tthis._elCanvas.style.display = \"none\";\t\t\t","\t\t}","\t\t","\t\t// Android 2.1 bug workaround","\t\t// http://code.google.com/p/android/issues/detail?id=5141","\t\tif (this._android && this._android <= 2.1) {","\t    \tvar factor = 1 / window.devicePixelRatio;","\t        var drawImage = CanvasRenderingContext2D.prototype.drawImage; ","\t    \tCanvasRenderingContext2D.prototype.drawImage = function (image, sx, sy, sw, sh, dx, dy, dw, dh) {","\t    \t\tif ((\"nodeName\" in image) && /img/i.test(image.nodeName)) {","\t\t        \tfor (var i = arguments.length - 1; i >= 1; i--) {","\t\t            \targuments[i] = arguments[i] * factor;","\t\t        \t}","\t    \t\t} else if (typeof dw == \"undefined\") {","\t    \t\t\targuments[1] *= factor;","\t    \t\t\targuments[2] *= factor;","\t    \t\t\targuments[3] *= factor;","\t    \t\t\targuments[4] *= factor;","\t    \t\t}","\t    \t\t","\t        \tdrawImage.apply(this, arguments); ","\t    \t};","\t\t}","\t\t","\t\t/**","\t\t * Check whether the user's browser supports Data URI or not","\t\t * ","\t\t * @private","\t\t * @param {Function} fSuccess Occurs if it supports Data URI","\t\t * @param {Function} fFail Occurs if it doesn't support Data URI","\t\t */","\t\tfunction _safeSetDataURI(fSuccess, fFail) {","            var self = this;","            self._fFail = fFail;","            self._fSuccess = fSuccess;","","            // Check it just once","            if (self._bSupportDataURI === null) {","                var el = document.createElement(\"img\");","                var fOnError = function() {","                    self._bSupportDataURI = false;","","                    if (self._fFail) {","                        self._fFail.call(self);","                    }","                };","                var fOnSuccess = function() {","                    self._bSupportDataURI = true;","","                    if (self._fSuccess) {","                        self._fSuccess.call(self);","                    }","                };","","                el.onabort = fOnError;","                el.onerror = fOnError;","                el.onload = fOnSuccess;","                el.src = \"data:image/gif;base64,iVBORw0KGgoAAAANSUhEUgAAAAUAAAAFCAYAAACNbyblAAAAHElEQVQI12P4//8/w38GIAXDIBKE0DHxgljNBAAO9TXL0Y4OHwAAAABJRU5ErkJggg==\"; // the Image contains 1px data.","                return;","            } else if (self._bSupportDataURI === true && self._fSuccess) {","                self._fSuccess.call(self);","            } else if (self._bSupportDataURI === false && self._fFail) {","                self._fFail.call(self);","            }","\t\t};","\t\t","\t\t/**","\t\t * Drawing QRCode by using canvas","\t\t * ","\t\t * @constructor","\t\t * @param {HTMLElement} el","\t\t * @param {Object} htOption QRCode Options ","\t\t */","\t\tvar Drawing = function (el, htOption) {","    \t\tthis._bIsPainted = false;","    \t\tthis._android = _getAndroid();","\t\t","\t\t\tthis._htOption = htOption;","\t\t\tthis._elCanvas = document.createElement(\"canvas\");","\t\t\tthis._elCanvas.width = htOption.width;","\t\t\tthis._elCanvas.height = htOption.height;","\t\t\tel.appendChild(this._elCanvas);","\t\t\tthis._el = el;","\t\t\tthis._oContext = this._elCanvas.getContext(\"2d\");","\t\t\tthis._bIsPainted = false;","\t\t\tthis._elImage = document.createElement(\"img\");","\t\t\tthis._elImage.alt = \"Scan me!\";","\t\t\tthis._elImage.style.display = \"none\";","\t\t\tthis._el.appendChild(this._elImage);","\t\t\tthis._bSupportDataURI = null;","\t\t};","\t\t\t","\t\t/**","\t\t * Draw the QRCode","\t\t * ","\t\t * @param {QRCode} oQRCode ","\t\t */","\t\tDrawing.prototype.draw = function (oQRCode) {","            var _elImage = this._elImage;","            var _oContext = this._oContext;","            var _htOption = this._htOption;","            ","\t\t\tvar nCount = oQRCode.getModuleCount();","\t\t\tvar nWidth = _htOption.width / nCount;","\t\t\tvar nHeight = _htOption.height / nCount;","\t\t\tvar nRoundedWidth = Math.round(nWidth);","\t\t\tvar nRoundedHeight = Math.round(nHeight);","","\t\t\t_elImage.style.display = \"none\";","\t\t\tthis.clear();","\t\t\t","\t\t\tfor (var row = 0; row < nCount; row++) {","\t\t\t\tfor (var col = 0; col < nCount; col++) {","\t\t\t\t\tvar bIsDark = oQRCode.isDark(row, col);","\t\t\t\t\tvar nLeft = col * nWidth;","\t\t\t\t\tvar nTop = row * nHeight;","\t\t\t\t\t_oContext.strokeStyle = bIsDark ? _htOption.colorDark : _htOption.colorLight;","\t\t\t\t\t_oContext.lineWidth = 1;","\t\t\t\t\t_oContext.fillStyle = bIsDark ? _htOption.colorDark : _htOption.colorLight;\t\t\t\t\t","\t\t\t\t\t_oContext.fillRect(nLeft, nTop, nWidth, nHeight);","\t\t\t\t\t","\t\t\t\t\t// 안티 앨리어싱 방지 처리","\t\t\t\t\t_oContext.strokeRect(","\t\t\t\t\t\tMath.floor(nLeft) + 0.5,","\t\t\t\t\t\tMath.floor(nTop) + 0.5,","\t\t\t\t\t\tnRoundedWidth,","\t\t\t\t\t\tnRoundedHeight","\t\t\t\t\t);","\t\t\t\t\t","\t\t\t\t\t_oContext.strokeRect(","\t\t\t\t\t\tMath.ceil(nLeft) - 0.5,","\t\t\t\t\t\tMath.ceil(nTop) - 0.5,","\t\t\t\t\t\tnRoundedWidth,","\t\t\t\t\t\tnRoundedHeight","\t\t\t\t\t);","\t\t\t\t}","\t\t\t}","\t\t\t","\t\t\tthis._bIsPainted = true;","\t\t};","\t\t\t","\t\t/**","\t\t * Make the image from Canvas if the browser supports Data URI.","\t\t */","\t\tDrawing.prototype.makeImage = function () {","\t\t\tif (this._bIsPainted) {","\t\t\t\t_safeSetDataURI.call(this, _onMakeImage);","\t\t\t}","\t\t};","\t\t\t","\t\t/**","\t\t * Return whether the QRCode is painted or not","\t\t * ","\t\t * @return {Boolean}","\t\t */","\t\tDrawing.prototype.isPainted = function () {","\t\t\treturn this._bIsPainted;","\t\t};","\t\t","\t\t/**","\t\t * Clear the QRCode","\t\t */","\t\tDrawing.prototype.clear = function () {","\t\t\tthis._oContext.clearRect(0, 0, this._elCanvas.width, this._elCanvas.height);","\t\t\tthis._bIsPainted = false;","\t\t};","\t\t","\t\t/**","\t\t * @private","\t\t * @param {Number} nNumber","\t\t */","\t\tDrawing.prototype.round = function (nNumber) {","\t\t\tif (!nNumber) {","\t\t\t\treturn nNumber;","\t\t\t}","\t\t\t","\t\t\treturn Math.floor(nNumber * 1000) / 1000;","\t\t};","\t\t","\t\treturn Drawing;","\t})();","\t","\t/**","\t * Get the type by string length","\t * ","\t * @private","\t * @param {String} sText","\t * @param {Number} nCorrectLevel","\t * @return {Number} type","\t */","\tfunction _getTypeNumber(sText, nCorrectLevel) {\t\t\t","\t\tvar nType = 1;","\t\tvar length = _getUTF8Length(sText);","\t\t","\t\tfor (var i = 0, len = QRCodeLimitLength.length; i <= len; i++) {","\t\t\tvar nLimit = 0;","\t\t\t","\t\t\tswitch (nCorrectLevel) {","\t\t\t\tcase QRErrorCorrectLevel.L :","\t\t\t\t\tnLimit = QRCodeLimitLength[i][0];","\t\t\t\t\tbreak;","\t\t\t\tcase QRErrorCorrectLevel.M :","\t\t\t\t\tnLimit = QRCodeLimitLength[i][1];","\t\t\t\t\tbreak;","\t\t\t\tcase QRErrorCorrectLevel.Q :","\t\t\t\t\tnLimit = QRCodeLimitLength[i][2];","\t\t\t\t\tbreak;","\t\t\t\tcase QRErrorCorrectLevel.H :","\t\t\t\t\tnLimit = QRCodeLimitLength[i][3];","\t\t\t\t\tbreak;","\t\t\t}","\t\t\t","\t\t\tif (length <= nLimit) {","\t\t\t\tbreak;","\t\t\t} else {","\t\t\t\tnType++;","\t\t\t}","\t\t}","\t\t","\t\tif (nType > QRCodeLimitLength.length) {","\t\t\tthrow new Error(\"Too long data\");","\t\t}","\t\t","\t\treturn nType;","\t}","","\tfunction _getUTF8Length(sText) {","\t\tvar replacedText = encodeURI(sText).toString().replace(/\\%[0-9a-fA-F]{2}/g, 'a');","\t\treturn replacedText.length + (replacedText.length != sText ? 3 : 0);","\t}","\t","\t/**","\t * @class QRCode","\t * @constructor","\t * @example ","\t * new QRCode(document.getElementById(\"test\"), \"http://jindo.dev.naver.com/collie\");","\t *","\t * @example","\t * var oQRCode = new QRCode(\"test\", {","\t *    text : \"http://naver.com\",","\t *    width : 128,","\t *    height : 128","\t * });","\t * ","\t * oQRCode.clear(); // Clear the QRCode.","\t * oQRCode.makeCode(\"http://map.naver.com\"); // Re-create the QRCode.","\t *","\t * @param {HTMLElement|String} el target element or 'id' attribute of element.","\t * @param {Object|String} vOption","\t * @param {String} vOption.text QRCode link data","\t * @param {Number} [vOption.width=256]","\t * @param {Number} [vOption.height=256]","\t * @param {String} [vOption.colorDark=\"#000000\"]","\t * @param {String} [vOption.colorLight=\"#ffffff\"]","\t * @param {QRCode.CorrectLevel} [vOption.correctLevel=QRCode.CorrectLevel.H] [L|M|Q|H] ","\t */","\tQRCode = function (el, vOption) {","\t\tthis._htOption = {","\t\t\twidth : 256, ","\t\t\theight : 256,","\t\t\ttypeNumber : 4,","\t\t\tcolorDark : \"#000000\",","\t\t\tcolorLight : \"#ffffff\",","\t\t\tcorrectLevel : QRErrorCorrectLevel.H","\t\t};","\t\t","\t\tif (typeof vOption === 'string') {","\t\t\tvOption\t= {","\t\t\t\ttext : vOption","\t\t\t};","\t\t}","\t\t","\t\t// Overwrites options","\t\tif (vOption) {","\t\t\tfor (var i in vOption) {","\t\t\t\tthis._htOption[i] = vOption[i];","\t\t\t}","\t\t}","\t\t","\t\tif (typeof el == \"string\") {","\t\t\tel = document.getElementById(el);","\t\t}","","\t\tif (this._htOption.useSVG) {","\t\t\tDrawing = svgDrawer;","\t\t}","\t\t","\t\tthis._android = _getAndroid();","\t\tthis._el = el;","\t\tthis._oQRCode = null;","\t\tthis._oDrawing = new Drawing(this._el, this._htOption);","\t\t","\t\tif (this._htOption.text) {","\t\t\tthis.makeCode(this._htOption.text);\t","\t\t}","\t};","\t","\t/**","\t * Make the QRCode","\t * ","\t * @param {String} sText link data","\t */","\tQRCode.prototype.makeCode = function (sText) {","\t\tthis._oQRCode = new QRCodeModel(_getTypeNumber(sText, this._htOption.correctLevel), this._htOption.correctLevel);","\t\tthis._oQRCode.addData(sText);","\t\tthis._oQRCode.make();","\t\tthis._el.title = sText;","\t\tthis._oDrawing.draw(this._oQRCode);\t\t\t","\t\tthis.makeImage();","\t};","\t","\t/**","\t * Make the Image from Canvas element","\t * - It occurs automatically","\t * - Android below 3 doesn't support Data-URI spec.","\t * ","\t * @private","\t */","\tQRCode.prototype.makeImage = function () {","\t\tif (typeof this._oDrawing.makeImage == \"function\" && (!this._android || this._android >= 3)) {","\t\t\tthis._oDrawing.makeImage();","\t\t}","\t};","\t","\t/**","\t * Clear the QRCode","\t */","\tQRCode.prototype.clear = function () {","\t\tthis._oDrawing.clear();","\t};","\t","\t/**","\t * @name QRCode.CorrectLevel","\t */","\tQRCode.CorrectLevel = QRErrorCorrectLevel;","","\tmodule.exports = {","\t\tmakeQRcode : function(el, vOption){","\t\t\tvar qrcode = new QRCode(el, vOption);","\t\t\treturn qrcode._oDrawing._elCanvas.toDataURL();","\t\t}","\t}","})();",""],"l":{"11":2,"14":2,"30":1,"31":0,"32":0,"33":0,"36":0,"37":0,"38":0,"40":0,"41":0,"42":0,"43":0,"44":0,"45":0,"46":0,"47":0,"48":0,"49":0,"50":0,"51":0,"53":0,"56":0,"59":0,"61":0,"62":0,"63":0,"64":0,"68":2,"70":0,"73":0,"74":0,"79":1,"80":0,"81":0,"82":0,"83":0,"84":0,"85":0,"88":2,"89":0,"90":0,"91":0,"92":0,"93":0,"94":0,"95":0,"96":0,"97":0,"98":0,"99":0,"100":0,"101":0,"102":0,"103":0,"104":2,"105":0,"106":0,"111":0,"112":0,"113":0,"114":0,"115":0,"116":2,"117":0,"118":0,"119":0,"120":0,"121":2,"122":0,"123":0,"124":0,"125":0,"126":0,"127":0,"128":0,"129":0,"130":0,"131":0,"132":0,"133":0,"134":2,"135":0,"136":0,"137":16,"138":496,"139":510,"140":1,"141":0,"142":0,"143":2,"144":0,"145":0,"146":0,"147":1,"148":2,"149":0,"150":2,"151":2,"152":0,"153":2,"155":1,"156":0,"160":1,"161":0,"162":0,"164":0,"165":0,"166":0,"168":0,"169":0,"173":0,"176":2,"178":2,"179":0,"180":0,"183":2,"184":0,"185":0,"186":0,"187":0,"188":0,"190":0,"192":1,"193":0,"194":0,"195":0,"196":0,"199":0,"200":0,"201":0,"203":0,"204":0,"206":0,"207":0,"208":0,"209":0,"210":0,"211":0,"216":2,"217":0,"218":0,"220":2,"223":2,"226":0,"227":0,"228":0,"229":0,"237":0,"238":0,"239":0,"240":0,"241":0,"242":0,"243":0,"245":0,"246":0,"248":0,"249":0,"252":0,"255":0,"256":0,"259":0,"260":0,"261":0,"263":0,"264":0,"271":0,"272":0,"275":0,"277":1,"278":0,"279":0,"280":0,"285":0,"286":0,"287":0,"288":0,"289":0,"290":0,"291":0,"293":0,"294":0,"295":0,"296":0,"297":0,"300":0,"311":1,"312":0,"313":0,"314":0,"317":0,"318":0,"319":0,"320":0,"322":0,"323":0,"326":0,"327":0,"329":0,"330":0,"334":0,"335":0,"336":0,"337":0,"338":0,"339":0,"340":0,"341":0,"342":0,"353":0,"354":0,"355":0,"357":0,"358":0,"359":0,"360":0,"361":0,"362":0,"363":0,"364":0,"365":0,"366":0,"367":0,"368":0,"369":0,"377":0,"378":0,"379":0,"380":0,"382":0,"383":0,"384":0,"385":0,"386":0,"388":0,"389":0,"391":0,"392":0,"393":0,"394":0,"395":0,"396":0,"397":0,"398":0,"399":0,"402":0,"409":0,"418":0,"424":0,"425":0,"426":0,"435":0,"436":0,"442":0,"443":0,"444":0,"451":0,"452":0,"453":0,"456":0,"459":0,"470":1,"471":0,"472":0,"474":0,"475":0,"477":0,"479":0,"480":0,"482":0,"483":0,"485":0,"486":0,"488":0,"489":0,"492":0,"493":0,"495":0,"499":0,"500":0,"503":0,"506":1,"507":0,"508":0,"536":0,"537":0,"546":0,"547":0,"553":0,"554":0,"555":0,"559":0,"560":0,"563":0,"564":0,"567":0,"568":0,"569":0,"570":0,"572":0,"573":0,"582":0,"583":0,"584":0,"585":0,"586":0,"587":0,"588":0,"598":0,"599":0,"600":0,"607":0,"608":0,"614":0,"616":0,"618":0,"619":0}},"/home/travis/build/npmtest/node-npmtest-phonegap-plugin-barcodescanner/node_modules/phonegap-plugin-barcodescanner/src/browser/BarcodeScannerProxy.js":{"path":"/home/travis/build/npmtest/node-npmtest-phonegap-plugin-barcodescanner/node_modules/phonegap-plugin-barcodescanner/src/browser/BarcodeScannerProxy.js","s":{"1":1,"2":0,"3":0,"4":0,"5":0,"6":0,"7":1,"8":0,"9":2,"10":2},"b":{"1":[0,0]},"f":{"1":0,"2":0},"fnMap":{"1":{"name":"scan","line":1,"loc":{"start":{"line":1,"column":0},"end":{"line":1,"column":30}}},"2":{"name":"encode","line":15,"loc":{"start":{"line":15,"column":0},"end":{"line":15,"column":52}}}},"statementMap":{"1":{"start":{"line":1,"column":0},"end":{"line":13,"column":1}},"2":{"start":{"line":2,"column":4},"end":{"line":2,"column":95}},"3":{"start":{"line":3,"column":4},"end":{"line":12,"column":5}},"4":{"start":{"line":4,"column":8},"end":{"line":8,"column":10}},"5":{"start":{"line":9,"column":8},"end":{"line":9,"column":24}},"6":{"start":{"line":11,"column":8},"end":{"line":11,"column":28}},"7":{"start":{"line":15,"column":0},"end":{"line":17,"column":1}},"8":{"start":{"line":16,"column":4},"end":{"line":16,"column":14}},"9":{"start":{"line":19,"column":0},"end":{"line":22,"column":2}},"10":{"start":{"line":24,"column":0},"end":{"line":24,"column":67}}},"branchMap":{"1":{"line":3,"type":"if","locations":[{"start":{"line":3,"column":4},"end":{"line":3,"column":4}},{"start":{"line":3,"column":4},"end":{"line":3,"column":4}}]}},"code":["function scan(success, error) {","    var code = window.prompt(\"Enter barcode value (empty value will fire the error handler):\");","    if(code) {","        var result = {","            text:code,","            format:\"Fake\",","            cancelled:false","        };","        success(result);","    } else {","        error(\"No barcode\");","    }","}","","function encode(type, data, success, errorCallback) {","    success();","}","","module.exports = {","    scan: scan,","    encode: encode","};","","require(\"cordova/exec/proxy\").add(\"BarcodeScanner\",module.exports);"],"l":{"1":1,"2":0,"3":0,"4":0,"9":0,"11":0,"15":1,"16":0,"19":2,"24":2}}}